TN:
SF:src\config\cors.ts
FN:9,getAllowedOrigins
FN:19,(anonymous_1)
FN:25,getCorsOriginChecker
FN:32,(anonymous_3)
FN:42,(anonymous_4)
FN:63,getExpressCorsConfig
FN:74,getSocketCorsConfig
FNF:7
FNH:0
FNDA:0,getAllowedOrigins
FNDA:0,(anonymous_1)
FNDA:0,getCorsOriginChecker
FNDA:0,(anonymous_3)
FNDA:0,(anonymous_4)
FNDA:0,getExpressCorsConfig
FNDA:0,getSocketCorsConfig
DA:9,0
DA:10,0
DA:12,0
DA:13,0
DA:14,0
DA:16,0
DA:19,0
DA:25,0
DA:26,0
DA:28,0
DA:29,0
DA:32,0
DA:34,0
DA:36,0
DA:38,0
DA:41,0
DA:42,0
DA:44,0
DA:48,0
DA:49,0
DA:50,0
DA:53,0
DA:56,0
DA:63,0
DA:64,0
DA:74,0
DA:75,0
DA:78,0
DA:79,0
DA:86,0
LF:30
LH:0
BRDA:10,0,0,0
BRDA:10,0,1,0
BRDA:12,1,0,0
BRDA:13,2,0,0
BRDA:28,3,0,0
BRDA:34,4,0,0
BRDA:36,5,0,0
BRDA:38,6,0,0
BRDA:44,7,0,0
BRDA:49,8,0,0
BRDA:78,9,0,0
BRF:11
BRH:0
end_of_record
TN:
SF:src\constants\business.ts
FNF:0
FNH:0
DA:6,7
DA:11,7
DA:19,7
DA:28,7
DA:36,7
DA:43,7
LF:6
LH:6
BRF:0
BRH:0
end_of_record
TN:
SF:src\constants\rateLimits.ts
FNF:0
FNH:0
DA:6,0
DA:11,0
DA:21,0
DA:31,0
LF:4
LH:0
BRF:0
BRH:0
end_of_record
TN:
SF:src\constants\time.ts
FN:28,getDaysAgo
FN:35,getDaysAgoISO
FN:42,convertMinutesToMs
FN:49,convertHoursToMs
FNF:4
FNH:0
FNDA:0,getDaysAgo
FNDA:0,getDaysAgoISO
FNDA:0,convertMinutesToMs
FNDA:0,convertHoursToMs
DA:6,7
DA:28,7
DA:29,0
DA:35,7
DA:36,0
DA:42,7
DA:43,0
DA:49,7
DA:50,0
LF:9
LH:5
BRF:0
BRH:0
end_of_record
TN:
SF:src\constants\validation.ts
FN:43,(anonymous_0)
FNF:1
FNH:0
FNDA:0,(anonymous_0)
DA:9,6
DA:33,6
DA:42,6
DA:43,0
LF:4
LH:3
BRF:0
BRH:0
end_of_record
TN:
SF:src\db\database.ts
FN:27,getDbMode
FN:36,convertToPostgresParams
FN:38,(anonymous_12)
FN:43,convertParamsForSqlite
FN:44,(anonymous_14)
FN:53,resetPostgresSchema
FN:78,initPostgres
FN:105,initSqlite
FN:128,createPostgresTables
FN:329,loadPostgresCache
FN:348,createSqliteTables
FN:444,(anonymous_21)
FN:528,saveSqliteDatabase
FN:537,initDatabase
FN:562,(anonymous_24)
FN:572,refreshCache
FN:584,extractTableName
FN:599,runQuery
FN:615,(anonymous_28)
FN:627,updateCacheImmediately
FN:640,(anonymous_30)
FN:652,insertIntoCacheImmediately
FN:661,(anonymous_32)
FN:664,(anonymous_33)
FN:683,runQueryAsync
FN:700,applyFiltersToCache
FN:710,(anonymous_36)
FN:728,(anonymous_37)
FN:741,(anonymous_38)
FN:746,(anonymous_39)
FN:753,(anonymous_40)
FN:758,(anonymous_41)
FN:763,(anonymous_42)
FN:768,(anonymous_43)
FN:773,(anonymous_44)
FN:778,(anonymous_45)
FN:784,getOne
FN:804,(anonymous_47)
FN:829,getOneAsync
FN:840,getAll
FN:857,(anonymous_50)
FN:866,(anonymous_51)
FN:877,(anonymous_52)
FN:884,(anonymous_53)
FN:893,(anonymous_54)
FN:899,(anonymous_55)
FN:906,(anonymous_56)
FN:912,(anonymous_57)
FN:924,(anonymous_58)
FN:935,(anonymous_59)
FN:940,(anonymous_60)
FN:945,(anonymous_61)
FN:962,(anonymous_62)
FN:974,(anonymous_63)
FN:1026,getAllAsync
FN:1038,getDb
FN:1043,getDbSync
FN:1050,saveDatabase
FN:1057,closeDatabase
FN:1070,getDatabaseMode
FN:1075,refreshAllCaches
FNF:61
FNH:11
FNDA:6,getDbMode
FNDA:0,convertToPostgresParams
FNDA:0,(anonymous_12)
FNDA:0,convertParamsForSqlite
FNDA:0,(anonymous_14)
FNDA:0,resetPostgresSchema
FNDA:0,initPostgres
FNDA:6,initSqlite
FNDA:0,createPostgresTables
FNDA:0,loadPostgresCache
FNDA:6,createSqliteTables
FNDA:60,(anonymous_21)
FNDA:18,saveSqliteDatabase
FNDA:6,initDatabase
FNDA:6,(anonymous_24)
FNDA:0,refreshCache
FNDA:0,extractTableName
FNDA:0,runQuery
FNDA:0,(anonymous_28)
FNDA:0,updateCacheImmediately
FNDA:0,(anonymous_30)
FNDA:0,insertIntoCacheImmediately
FNDA:0,(anonymous_32)
FNDA:0,(anonymous_33)
FNDA:0,runQueryAsync
FNDA:0,applyFiltersToCache
FNDA:0,(anonymous_36)
FNDA:0,(anonymous_37)
FNDA:0,(anonymous_38)
FNDA:0,(anonymous_39)
FNDA:0,(anonymous_40)
FNDA:0,(anonymous_41)
FNDA:0,(anonymous_42)
FNDA:0,(anonymous_43)
FNDA:0,(anonymous_44)
FNDA:0,(anonymous_45)
FNDA:0,getOne
FNDA:0,(anonymous_47)
FNDA:0,getOneAsync
FNDA:0,getAll
FNDA:0,(anonymous_50)
FNDA:0,(anonymous_51)
FNDA:0,(anonymous_52)
FNDA:0,(anonymous_53)
FNDA:0,(anonymous_54)
FNDA:0,(anonymous_55)
FNDA:0,(anonymous_56)
FNDA:0,(anonymous_57)
FNDA:0,(anonymous_58)
FNDA:0,(anonymous_59)
FNDA:0,(anonymous_60)
FNDA:0,(anonymous_61)
FNDA:0,(anonymous_62)
FNDA:0,(anonymous_63)
FNDA:0,getAllAsync
FNDA:0,getDb
FNDA:6,getDbSync
FNDA:6,saveDatabase
FNDA:6,closeDatabase
FNDA:6,getDatabaseMode
FNDA:0,refreshAllCaches
DA:1,6
DA:2,6
DA:3,6
DA:4,6
DA:13,6
DA:16,6
DA:19,6
DA:20,6
DA:23,6
DA:24,6
DA:28,6
DA:29,6
DA:30,0
DA:32,6
DA:37,0
DA:38,0
DA:44,0
DA:45,0
DA:46,0
DA:48,0
DA:54,0
DA:56,0
DA:58,0
DA:59,0
DA:60,0
DA:71,0
DA:73,0
DA:79,0
DA:80,0
DA:81,0
DA:84,0
DA:95,0
DA:96,0
DA:97,0
DA:98,0
DA:100,0
DA:106,6
DA:107,6
DA:108,0
DA:111,6
DA:114,6
DA:115,6
DA:116,6
DA:119,0
DA:120,0
DA:121,0
DA:123,0
DA:129,0
DA:131,0
DA:132,0
DA:134,0
DA:137,0
DA:153,0
DA:154,0
DA:160,0
DA:174,0
DA:183,0
DA:195,0
DA:217,0
DA:218,0
DA:219,0
DA:220,0
DA:221,0
DA:224,0
DA:237,0
DA:240,0
DA:256,0
DA:259,0
DA:272,0
DA:287,0
DA:288,0
DA:289,0
DA:292,0
DA:306,0
DA:316,0
DA:317,0
DA:322,0
DA:324,0
DA:330,0
DA:332,0
DA:334,0
DA:335,0
DA:336,0
DA:337,0
DA:339,0
DA:340,0
DA:344,0
DA:349,6
DA:351,6
DA:372,6
DA:373,6
DA:374,6
DA:376,6
DA:389,6
DA:392,6
DA:393,6
DA:394,6
DA:396,6
DA:412,6
DA:414,6
DA:426,6
DA:442,6
DA:443,6
DA:444,60
DA:445,6
DA:446,0
DA:449,0
DA:452,6
DA:465,6
DA:473,6
DA:484,6
DA:499,6
DA:501,6
DA:503,6
DA:516,6
DA:525,6
DA:529,18
DA:530,18
DA:531,18
DA:532,18
DA:537,6
DA:538,6
DA:540,6
DA:541,6
DA:543,6
DA:544,0
DA:547,0
DA:548,0
DA:551,0
DA:552,0
DA:554,6
DA:555,6
DA:558,6
DA:559,6
DA:562,12
DA:563,6
DA:566,6
DA:567,0
DA:573,0
DA:575,0
DA:576,0
DA:577,0
DA:579,0
DA:585,0
DA:586,0
DA:587,0
DA:588,0
DA:590,0
DA:591,0
DA:592,0
DA:593,0
DA:595,0
DA:599,6
DA:600,0
DA:601,0
DA:604,0
DA:605,0
DA:609,0
DA:610,0
DA:614,0
DA:616,0
DA:620,0
DA:621,0
DA:622,0
DA:628,0
DA:629,0
DA:631,0
DA:635,0
DA:636,0
DA:637,0
DA:638,0
DA:640,0
DA:641,0
DA:642,0
DA:644,0
DA:646,0
DA:654,0
DA:655,0
DA:659,0
DA:660,0
DA:661,0
DA:662,0
DA:664,0
DA:667,0
DA:668,0
DA:676,0
DA:677,0
DA:678,0
DA:683,6
DA:684,0
DA:685,0
DA:686,0
DA:687,0
DA:690,0
DA:691,0
DA:693,0
DA:694,0
DA:695,0
DA:705,0
DA:706,0
DA:707,0
DA:710,0
DA:711,0
DA:712,0
DA:714,0
DA:720,0
DA:721,0
DA:723,0
DA:724,0
DA:725,0
DA:726,0
DA:728,0
DA:729,0
DA:730,0
DA:733,0
DA:739,0
DA:740,0
DA:741,0
DA:744,0
DA:745,0
DA:746,0
DA:751,0
DA:752,0
DA:753,0
DA:757,0
DA:758,0
DA:762,0
DA:763,0
DA:767,0
DA:768,0
DA:772,0
DA:773,0
DA:777,0
DA:778,0
DA:781,0
DA:784,6
DA:785,0
DA:786,0
DA:787,0
DA:788,0
DA:790,0
DA:793,0
DA:795,0
DA:796,0
DA:800,0
DA:802,0
DA:803,0
DA:804,0
DA:808,0
DA:809,0
DA:812,0
DA:815,0
DA:816,0
DA:817,0
DA:819,0
DA:820,0
DA:821,0
DA:822,0
DA:825,0
DA:826,0
DA:829,6
DA:830,0
DA:831,0
DA:832,0
DA:833,0
DA:834,0
DA:837,0
DA:840,6
DA:841,0
DA:843,0
DA:844,0
DA:846,0
DA:849,0
DA:852,0
DA:855,0
DA:856,0
DA:857,0
DA:858,0
DA:863,0
DA:864,0
DA:866,0
DA:867,0
DA:870,0
DA:875,0
DA:876,0
DA:877,0
DA:881,0
DA:882,0
DA:884,0
DA:885,0
DA:886,0
DA:891,0
DA:892,0
DA:893,0
DA:897,0
DA:899,0
DA:900,0
DA:905,0
DA:906,0
DA:910,0
DA:911,0
DA:912,0
DA:913,0
DA:916,0
DA:921,0
DA:922,0
DA:923,0
DA:924,0
DA:925,0
DA:928,0
DA:934,0
DA:935,0
DA:939,0
DA:940,0
DA:944,0
DA:945,0
DA:946,0
DA:951,0
DA:956,0
DA:957,0
DA:958,0
DA:959,0
DA:962,0
DA:963,0
DA:964,0
DA:965,0
DA:966,0
DA:973,0
DA:974,0
DA:975,0
DA:976,0
DA:977,0
DA:982,0
DA:983,0
DA:985,0
DA:987,0
DA:988,0
DA:990,0
DA:993,0
DA:994,0
DA:995,0
DA:998,0
DA:1005,0
DA:1006,0
DA:1007,0
DA:1010,0
DA:1013,0
DA:1014,0
DA:1015,0
DA:1017,0
DA:1018,0
DA:1019,0
DA:1022,0
DA:1023,0
DA:1026,6
DA:1027,0
DA:1028,0
DA:1029,0
DA:1030,0
DA:1031,0
DA:1034,0
DA:1038,6
DA:1039,0
DA:1040,0
DA:1043,6
DA:1044,6
DA:1045,0
DA:1047,6
DA:1050,6
DA:1051,6
DA:1052,6
DA:1057,6
DA:1058,6
DA:1059,6
DA:1060,6
DA:1061,6
DA:1063,6
DA:1064,0
DA:1065,0
DA:1070,6
DA:1071,6
DA:1075,6
DA:1076,0
DA:1077,0
LF:384
LH:84
BRDA:29,0,0,0
BRDA:29,1,0,6
BRDA:29,1,1,6
BRDA:45,2,0,0
BRDA:46,3,0,0
BRDA:46,3,1,0
BRDA:54,4,0,0
BRDA:80,5,0,0
BRDA:107,6,0,0
BRDA:114,7,0,6
BRDA:119,8,0,0
BRDA:119,8,1,0
BRDA:129,9,0,0
BRDA:330,10,0,0
BRDA:349,11,0,0
BRDA:445,12,0,0
BRDA:529,13,0,18
BRDA:538,14,0,0
BRDA:543,15,0,0
BRDA:543,15,1,6
BRDA:547,16,0,0
BRDA:566,17,0,0
BRDA:573,18,0,0
BRDA:573,19,0,0
BRDA:573,19,1,0
BRDA:590,20,0,0
BRDA:591,21,0,0
BRDA:592,22,0,0
BRDA:593,23,0,0
BRDA:599,24,0,0
BRDA:600,25,0,0
BRDA:600,25,1,0
BRDA:604,26,0,0
BRDA:604,27,0,0
BRDA:604,27,1,0
BRDA:609,28,0,0
BRDA:609,29,0,0
BRDA:609,29,1,0
BRDA:616,30,0,0
BRDA:620,31,0,0
BRDA:629,32,0,0
BRDA:635,33,0,0
BRDA:635,34,0,0
BRDA:635,34,1,0
BRDA:641,35,0,0
BRDA:654,36,0,0
BRDA:655,37,0,0
BRDA:655,37,1,0
BRDA:660,38,0,0
BRDA:667,39,0,0
BRDA:678,40,0,0
BRDA:678,40,1,0
BRDA:683,41,0,0
BRDA:684,42,0,0
BRDA:684,42,1,0
BRDA:685,43,0,0
BRDA:691,44,0,0
BRDA:693,45,0,0
BRDA:711,46,0,0
BRDA:723,47,0,0
BRDA:723,47,1,0
BRDA:730,48,0,0
BRDA:730,48,1,0
BRDA:733,49,0,0
BRDA:733,49,1,0
BRDA:733,49,2,0
BRDA:739,50,0,0
BRDA:739,50,1,0
BRDA:744,51,0,0
BRDA:751,52,0,0
BRDA:751,53,0,0
BRDA:751,53,1,0
BRDA:757,54,0,0
BRDA:758,55,0,0
BRDA:758,55,1,0
BRDA:762,56,0,0
BRDA:763,57,0,0
BRDA:763,57,1,0
BRDA:767,58,0,0
BRDA:772,59,0,0
BRDA:777,60,0,0
BRDA:784,61,0,0
BRDA:785,62,0,0
BRDA:788,63,0,0
BRDA:790,64,0,0
BRDA:790,64,1,0
BRDA:793,65,0,0
BRDA:800,66,0,0
BRDA:803,67,0,0
BRDA:815,68,0,0
BRDA:819,69,0,0
BRDA:829,70,0,0
BRDA:830,71,0,0
BRDA:831,72,0,0
BRDA:840,73,0,0
BRDA:841,74,0,0
BRDA:844,75,0,0
BRDA:846,76,0,0
BRDA:846,76,1,0
BRDA:855,77,0,0
BRDA:855,78,0,0
BRDA:855,78,1,0
BRDA:863,79,0,0
BRDA:863,80,0,0
BRDA:863,80,1,0
BRDA:867,81,0,0
BRDA:867,81,1,0
BRDA:875,82,0,0
BRDA:875,83,0,0
BRDA:875,83,1,0
BRDA:881,84,0,0
BRDA:881,85,0,0
BRDA:881,85,1,0
BRDA:891,86,0,0
BRDA:891,87,0,0
BRDA:891,87,1,0
BRDA:897,88,0,0
BRDA:897,89,0,0
BRDA:897,89,1,0
BRDA:900,90,0,0
BRDA:900,90,1,0
BRDA:905,91,0,0
BRDA:905,92,0,0
BRDA:905,92,1,0
BRDA:910,93,0,0
BRDA:911,94,0,0
BRDA:911,94,1,0
BRDA:913,95,0,0
BRDA:913,95,1,0
BRDA:921,96,0,0
BRDA:923,97,0,0
BRDA:925,98,0,0
BRDA:925,98,1,0
BRDA:928,99,0,0
BRDA:928,99,1,0
BRDA:934,100,0,0
BRDA:934,101,0,0
BRDA:934,101,1,0
BRDA:934,101,2,0
BRDA:935,102,0,0
BRDA:935,102,1,0
BRDA:939,103,0,0
BRDA:944,104,0,0
BRDA:944,105,0,0
BRDA:944,105,1,0
BRDA:951,106,0,0
BRDA:957,107,0,0
BRDA:965,108,0,0
BRDA:973,109,0,0
BRDA:982,110,0,0
BRDA:982,110,1,0
BRDA:985,111,0,0
BRDA:985,111,1,0
BRDA:987,112,0,0
BRDA:987,112,1,0
BRDA:990,113,0,0
BRDA:990,113,1,0
BRDA:994,114,0,0
BRDA:995,115,0,0
BRDA:995,115,1,0
BRDA:1006,116,0,0
BRDA:1013,117,0,0
BRDA:1026,118,0,0
BRDA:1027,119,0,0
BRDA:1028,120,0,0
BRDA:1039,121,0,0
BRDA:1044,122,0,0
BRDA:1051,123,0,6
BRDA:1058,124,0,6
BRDA:1058,125,0,6
BRDA:1058,125,1,6
BRDA:1063,126,0,0
BRDA:1076,127,0,0
BRF:173
BRH:9
end_of_record
TN:
SF:src\db\prisma.ts
FN:21,(anonymous_1)
FNF:1
FNH:0
FNDA:0,(anonymous_1)
DA:7,0
DA:8,0
DA:10,0
DA:12,0
DA:13,0
DA:21,0
DA:22,0
DA:23,0
DA:26,0
DA:27,0
DA:28,0
DA:29,0
DA:30,0
DA:33,0
DA:36,0
DA:46,0
DA:47,0
DA:50,0
LF:18
LH:0
BRDA:12,0,0,0
BRDA:23,1,0,0
BRDA:26,2,0,0
BRDA:26,3,0,0
BRDA:26,3,1,0
BRDA:27,4,0,0
BRDA:28,5,0,0
BRDA:28,5,1,0
BRDA:36,6,0,0
BRDA:36,6,1,0
BRDA:43,7,0,0
BRDA:43,7,1,0
BRDA:46,8,0,0
BRF:13
BRH:0
end_of_record
TN:
SF:src\middleware\adminAuth.ts
FN:27,createSession
FN:33,verifyAdminPassword
FN:38,validateSession
FN:48,destroySession
FN:55,adminAuthMiddleware
FN:79,getSessionCount
FN:80,clearAllSessions
FNF:7
FNH:7
FNDA:35,createSession
FNDA:24,verifyAdminPassword
FNDA:40,validateSession
FNDA:3,destroySession
FNDA:36,adminAuthMiddleware
FNDA:2,getSessionCount
FNDA:20,clearAllSessions
DA:2,7
DA:5,7
DA:6,7
DA:9,7
DA:10,0
DA:11,0
DA:13,0
DA:14,0
DA:16,0
DA:17,0
DA:21,7
DA:22,2
DA:27,7
DA:29,35
DA:33,7
DA:34,24
DA:38,7
DA:39,40
DA:40,40
DA:41,29
DA:43,11
DA:48,7
DA:55,7
DA:58,36
DA:61,36
DA:62,25
DA:63,11
DA:64,0
DA:67,36
DA:68,11
DA:71,25
DA:72,6
DA:75,19
DA:79,7
DA:80,7
LF:35
LH:28
BRDA:5,0,0,7
BRDA:5,0,1,2
BRDA:6,1,0,7
BRDA:6,1,1,2
BRDA:9,2,0,0
BRDA:9,2,1,7
BRDA:10,3,0,0
BRDA:13,4,0,0
BRDA:16,5,0,0
BRDA:21,6,0,2
BRDA:61,7,0,25
BRDA:61,7,1,11
BRDA:61,8,0,36
BRDA:61,8,1,25
BRDA:63,9,0,0
BRDA:63,10,0,11
BRDA:63,10,1,0
BRDA:67,11,0,11
BRDA:71,12,0,6
BRF:19
BRH:13
end_of_record
TN:
SF:src\middleware\rateLimiter.ts
FN:5,(anonymous_1)
FNF:1
FNH:0
FNDA:0,(anonymous_1)
DA:1,0
DA:2,0
DA:5,0
DA:6,0
DA:13,0
DA:27,0
DA:41,0
DA:55,0
LF:8
LH:0
BRDA:6,0,0,0
BRDA:6,0,1,0
BRDA:6,0,2,0
BRF:3
BRH:0
end_of_record
TN:
SF:src\middleware\upload.ts
FNF:0
FNH:0
DA:2,6
DA:5,6
DA:7,6
DA:14,6
LF:4
LH:4
BRF:0
BRH:0
end_of_record
TN:
SF:src\middleware\userAuth.ts
FN:22,requireUserAuth
FN:44,optionalUserAuth
FN:61,requireRole
FN:62,(anonymous_3)
FN:78,requireAdmin
FNF:5
FNH:1
FNDA:0,requireUserAuth
FNDA:9,optionalUserAuth
FNDA:0,requireRole
FNDA:0,(anonymous_3)
FNDA:0,requireAdmin
DA:7,6
DA:22,6
DA:23,0
DA:25,0
DA:26,0
DA:29,0
DA:30,0
DA:32,0
DA:33,0
DA:36,0
DA:37,0
DA:44,6
DA:45,9
DA:47,9
DA:48,0
DA:49,0
DA:50,0
DA:51,0
DA:55,9
DA:61,6
DA:62,0
DA:63,0
DA:64,0
DA:67,0
DA:68,0
DA:71,0
DA:78,6
DA:79,0
DA:80,0
DA:83,0
DA:84,0
DA:87,0
LF:32
LH:8
BRDA:25,0,0,0
BRDA:25,1,0,0
BRDA:25,1,1,0
BRDA:32,2,0,0
BRDA:47,3,0,0
BRDA:47,4,0,9
BRDA:47,4,1,0
BRDA:50,5,0,0
BRDA:63,6,0,0
BRDA:67,7,0,0
BRDA:79,8,0,0
BRDA:83,9,0,0
BRF:12
BRH:1
end_of_record
TN:
SF:src\middleware\validation.ts
FN:12,validateBookingRequest
FN:81,validateAdminLogin
FNF:2
FNH:1
FNDA:50,validateBookingRequest
FNDA:0,validateAdminLogin
DA:2,6
DA:9,6
DA:12,6
DA:13,50
DA:16,50
DA:17,0
DA:20,50
DA:21,1
DA:24,49
DA:25,0
DA:28,49
DA:29,0
DA:32,49
DA:33,0
DA:36,49
DA:37,0
DA:41,49
DA:42,49
DA:43,6
DA:46,43
DA:47,43
DA:48,2
DA:51,41
DA:52,41
DA:53,0
DA:56,41
DA:57,41
DA:58,0
DA:62,41
DA:63,41
DA:64,41
DA:65,41
DA:66,41
DA:67,41
DA:69,41
DA:70,39
DA:73,41
DA:74,10
DA:77,41
DA:81,6
DA:82,0
DA:84,0
DA:85,0
DA:88,0
DA:89,0
DA:94,0
LF:46
LH:33
BRDA:16,0,0,0
BRDA:16,1,0,50
BRDA:16,1,1,50
BRDA:16,1,2,50
BRDA:20,2,0,1
BRDA:20,3,0,50
BRDA:20,3,1,49
BRDA:24,4,0,0
BRDA:24,5,0,49
BRDA:24,5,1,49
BRDA:28,6,0,0
BRDA:28,7,0,49
BRDA:28,7,1,49
BRDA:32,8,0,0
BRDA:32,9,0,49
BRDA:32,9,1,49
BRDA:36,10,0,0
BRDA:36,11,0,49
BRDA:36,11,1,49
BRDA:42,12,0,6
BRDA:47,13,0,2
BRDA:52,14,0,0
BRDA:57,15,0,0
BRDA:69,16,0,39
BRDA:69,17,0,41
BRDA:69,17,1,39
BRDA:73,18,0,10
BRDA:73,19,0,41
BRDA:73,19,1,10
BRDA:84,20,0,0
BRDA:84,21,0,0
BRDA:84,21,1,0
BRDA:88,22,0,0
BRF:33
BRH:22
end_of_record
TN:
SF:src\routes\adminPrisma.ts
FN:17,createAdminRouterPrisma
FN:25,(anonymous_2)
FN:36,(anonymous_3)
FN:55,(anonymous_4)
FN:84,(anonymous_5)
FN:96,(anonymous_6)
FN:123,(anonymous_7)
FN:140,(anonymous_8)
FN:159,(anonymous_9)
FN:171,(anonymous_10)
FN:185,(anonymous_11)
FN:216,(anonymous_12)
FN:233,(anonymous_13)
FN:252,(anonymous_14)
FN:264,(anonymous_15)
FN:287,(anonymous_16)
FN:306,(anonymous_17)
FN:318,(anonymous_18)
FN:348,(anonymous_19)
FN:367,(anonymous_20)
FN:401,(anonymous_21)
FN:421,(anonymous_22)
FN:453,(anonymous_23)
FN:465,(anonymous_24)
FN:500,(anonymous_25)
FN:520,(anonymous_26)
FN:532,(anonymous_27)
FN:546,(anonymous_28)
FN:558,(anonymous_29)
FN:580,(anonymous_30)
FN:595,(anonymous_31)
FN:612,(anonymous_32)
FN:623,(anonymous_33)
FN:637,(anonymous_34)
FN:657,(anonymous_35)
FN:685,(anonymous_36)
FN:695,(anonymous_37)
FN:707,(anonymous_38)
FN:723,(anonymous_39)
FNF:39
FNH:3
FNDA:6,createAdminRouterPrisma
FNDA:1,(anonymous_2)
FNDA:0,(anonymous_3)
FNDA:0,(anonymous_4)
FNDA:1,(anonymous_5)
FNDA:0,(anonymous_6)
FNDA:0,(anonymous_7)
FNDA:0,(anonymous_8)
FNDA:0,(anonymous_9)
FNDA:0,(anonymous_10)
FNDA:0,(anonymous_11)
FNDA:0,(anonymous_12)
FNDA:0,(anonymous_13)
FNDA:0,(anonymous_14)
FNDA:0,(anonymous_15)
FNDA:0,(anonymous_16)
FNDA:0,(anonymous_17)
FNDA:0,(anonymous_18)
FNDA:0,(anonymous_19)
FNDA:0,(anonymous_20)
FNDA:0,(anonymous_21)
FNDA:0,(anonymous_22)
FNDA:0,(anonymous_23)
FNDA:0,(anonymous_24)
FNDA:0,(anonymous_25)
FNDA:0,(anonymous_26)
FNDA:0,(anonymous_27)
FNDA:0,(anonymous_28)
FNDA:0,(anonymous_29)
FNDA:0,(anonymous_30)
FNDA:0,(anonymous_31)
FNDA:0,(anonymous_32)
FNDA:0,(anonymous_33)
FNDA:0,(anonymous_34)
FNDA:0,(anonymous_35)
FNDA:0,(anonymous_36)
FNDA:0,(anonymous_37)
FNDA:0,(anonymous_38)
FNDA:0,(anonymous_39)
DA:8,6
DA:9,6
DA:10,6
DA:11,6
DA:12,6
DA:13,6
DA:14,6
DA:15,6
DA:17,6
DA:20,6
DA:25,6
DA:26,1
DA:27,1
DA:28,1
DA:30,0
DA:31,0
DA:36,6
DA:37,0
DA:38,0
DA:41,0
DA:42,0
DA:47,0
DA:55,0
DA:74,0
DA:76,0
DA:77,0
DA:84,6
DA:85,1
DA:86,1
DA:87,1
DA:88,1
DA:90,0
DA:91,0
DA:96,6
DA:97,0
DA:98,0
DA:100,0
DA:101,0
DA:104,0
DA:115,0
DA:117,0
DA:118,0
DA:123,6
DA:124,0
DA:125,0
DA:126,0
DA:128,0
DA:129,0
DA:132,0
DA:134,0
DA:135,0
DA:140,6
DA:141,0
DA:142,0
DA:143,0
DA:145,0
DA:146,0
DA:149,0
DA:151,0
DA:152,0
DA:159,6
DA:160,0
DA:161,0
DA:162,0
DA:163,0
DA:165,0
DA:166,0
DA:171,6
DA:172,0
DA:173,0
DA:174,0
DA:175,0
DA:177,0
DA:179,0
DA:180,0
DA:185,6
DA:186,0
DA:187,0
DA:189,0
DA:190,0
DA:192,0
DA:193,0
DA:195,0
DA:196,0
DA:199,0
DA:208,0
DA:210,0
DA:211,0
DA:216,6
DA:217,0
DA:218,0
DA:219,0
DA:221,0
DA:222,0
DA:225,0
DA:227,0
DA:228,0
DA:233,6
DA:234,0
DA:235,0
DA:236,0
DA:238,0
DA:239,0
DA:242,0
DA:244,0
DA:245,0
DA:252,6
DA:253,0
DA:254,0
DA:255,0
DA:256,0
DA:258,0
DA:259,0
DA:264,6
DA:265,0
DA:266,0
DA:268,0
DA:269,0
DA:272,0
DA:279,0
DA:281,0
DA:282,0
DA:287,6
DA:288,0
DA:289,0
DA:290,0
DA:292,0
DA:293,0
DA:296,0
DA:298,0
DA:299,0
DA:306,6
DA:307,0
DA:308,0
DA:309,0
DA:310,0
DA:312,0
DA:313,0
DA:318,6
DA:319,0
DA:320,0
DA:322,0
DA:323,0
DA:327,0
DA:328,0
DA:329,0
DA:332,0
DA:340,0
DA:342,0
DA:343,0
DA:348,6
DA:349,0
DA:350,0
DA:351,0
DA:353,0
DA:354,0
DA:357,0
DA:359,0
DA:360,0
DA:367,6
DA:368,0
DA:369,0
DA:370,0
DA:372,0
DA:373,0
DA:377,0
DA:390,0
DA:392,0
DA:393,0
DA:395,0
DA:396,0
DA:401,6
DA:402,0
DA:403,0
DA:405,0
DA:410,0
DA:412,0
DA:413,0
DA:415,0
DA:416,0
DA:421,6
DA:422,0
DA:423,0
DA:424,0
DA:426,0
DA:427,0
DA:430,0
DA:431,0
DA:432,0
DA:435,0
DA:440,0
DA:442,0
DA:443,0
DA:445,0
DA:446,0
DA:453,6
DA:454,0
DA:455,0
DA:456,0
DA:457,0
DA:459,0
DA:460,0
DA:465,6
DA:466,0
DA:467,0
DA:468,0
DA:471,0
DA:474,0
DA:475,0
DA:476,0
DA:478,0
DA:481,0
DA:482,0
DA:486,0
DA:492,0
DA:494,0
DA:495,0
DA:500,6
DA:501,0
DA:502,0
DA:503,0
DA:504,0
DA:507,0
DA:512,0
DA:514,0
DA:515,0
DA:520,6
DA:521,0
DA:522,0
DA:523,0
DA:524,0
DA:526,0
DA:527,0
DA:532,6
DA:533,0
DA:534,0
DA:535,0
DA:536,0
DA:538,0
DA:539,0
DA:546,6
DA:547,0
DA:548,0
DA:549,0
DA:550,0
DA:552,0
DA:553,0
DA:558,6
DA:559,0
DA:560,0
DA:561,0
DA:562,0
DA:565,0
DA:572,0
DA:574,0
DA:575,0
DA:580,6
DA:581,0
DA:582,0
DA:583,0
DA:584,0
DA:585,0
DA:587,0
DA:589,0
DA:590,0
DA:595,6
DA:596,0
DA:597,0
DA:598,0
DA:599,0
DA:600,0
DA:602,0
DA:604,0
DA:605,0
DA:612,6
DA:613,0
DA:614,0
DA:615,0
DA:617,0
DA:618,0
DA:623,6
DA:624,0
DA:625,0
DA:626,0
DA:627,0
DA:629,0
DA:631,0
DA:632,0
DA:637,6
DA:638,0
DA:639,0
DA:640,0
DA:642,0
DA:643,0
DA:646,0
DA:647,0
DA:649,0
DA:650,0
DA:657,6
DA:658,0
DA:659,0
DA:660,0
DA:661,0
DA:664,0
DA:671,0
DA:672,0
DA:674,0
DA:677,0
DA:678,0
DA:685,6
DA:686,0
DA:687,0
DA:688,0
DA:690,0
DA:695,6
DA:696,0
DA:697,0
DA:698,0
DA:699,0
DA:701,0
DA:702,0
DA:707,6
DA:708,0
DA:709,0
DA:710,0
DA:711,0
DA:712,0
DA:715,0
DA:717,0
DA:718,0
DA:723,6
DA:724,0
DA:725,0
DA:726,0
DA:728,0
DA:729,0
DA:733,6
DA:737,6
LF:338
LH:56
BRDA:18,0,0,6
BRDA:41,1,0,0
BRDA:41,1,1,0
BRDA:41,2,0,0
BRDA:41,2,1,0
BRDA:49,3,0,0
BRDA:49,3,1,0
BRDA:50,4,0,0
BRDA:50,4,1,0
BRDA:100,5,0,0
BRDA:108,6,0,0
BRDA:108,6,1,0
BRDA:109,7,0,0
BRDA:109,7,1,0
BRDA:128,8,0,0
BRDA:145,9,0,0
BRDA:174,10,0,0
BRDA:189,11,0,0
BRDA:192,12,0,0
BRDA:192,13,0,0
BRDA:192,13,1,0
BRDA:195,14,0,0
BRDA:195,15,0,0
BRDA:195,15,1,0
BRDA:205,16,0,0
BRDA:205,16,1,0
BRDA:221,17,0,0
BRDA:238,18,0,0
BRDA:268,19,0,0
BRDA:292,20,0,0
BRDA:322,21,0,0
BRDA:322,22,0,0
BRDA:322,22,1,0
BRDA:328,23,0,0
BRDA:336,24,0,0
BRDA:336,24,1,0
BRDA:337,25,0,0
BRDA:337,25,1,0
BRDA:353,26,0,0
BRDA:372,27,0,0
BRDA:372,28,0,0
BRDA:372,28,1,0
BRDA:392,29,0,0
BRDA:412,30,0,0
BRDA:426,31,0,0
BRDA:431,32,0,0
BRDA:442,33,0,0
BRDA:467,34,0,0
BRDA:481,35,0,0
BRDA:503,36,0,0
BRDA:503,37,0,0
BRDA:503,37,1,0
BRDA:510,38,0,0
BRDA:510,38,1,0
BRDA:561,39,0,0
BRDA:561,40,0,0
BRDA:561,40,1,0
BRDA:568,41,0,0
BRDA:568,41,1,0
BRDA:584,42,0,0
BRDA:599,43,0,0
BRDA:626,44,0,0
BRDA:642,45,0,0
BRDA:660,46,0,0
BRDA:671,47,0,0
BRDA:671,47,1,0
BRDA:710,48,0,0
BRF:67
BRH:1
end_of_record
TN:
SF:src\routes\appointmentsPrisma.ts
FN:13,createAppointmentRouterPrisma
FN:20,(anonymous_2)
FN:55,(anonymous_3)
FN:61,(anonymous_4)
FN:77,(anonymous_5)
FN:88,(anonymous_6)
FN:104,(anonymous_7)
FN:144,(anonymous_8)
FN:149,(anonymous_9)
FN:174,(anonymous_10)
FN:191,(anonymous_11)
FN:204,(anonymous_12)
FN:218,(anonymous_13)
FN:243,(anonymous_14)
FN:254,(anonymous_15)
FN:269,(anonymous_16)
FN:282,(anonymous_17)
FN:301,(anonymous_18)
FN:319,(anonymous_19)
FN:332,(anonymous_20)
FN:344,(anonymous_21)
FN:355,(anonymous_22)
FNF:22
FNH:7
FNDA:6,createAppointmentRouterPrisma
FNDA:18,(anonymous_2)
FNDA:41,(anonymous_3)
FNDA:0,(anonymous_4)
FNDA:0,(anonymous_5)
FNDA:0,(anonymous_6)
FNDA:0,(anonymous_7)
FNDA:0,(anonymous_8)
FNDA:0,(anonymous_9)
FNDA:6,(anonymous_10)
FNDA:9,(anonymous_11)
FNDA:0,(anonymous_12)
FNDA:0,(anonymous_13)
FNDA:0,(anonymous_14)
FNDA:1,(anonymous_15)
FNDA:0,(anonymous_16)
FNDA:0,(anonymous_17)
FNDA:0,(anonymous_18)
FNDA:0,(anonymous_19)
FNDA:3,(anonymous_20)
FNDA:0,(anonymous_21)
FNDA:0,(anonymous_22)
DA:7,6
DA:8,6
DA:9,6
DA:10,6
DA:11,6
DA:13,6
DA:17,6
DA:20,6
DA:21,18
DA:22,18
DA:23,18
DA:24,18
DA:26,18
DA:27,18
DA:29,18
DA:30,1
DA:33,17
DA:34,1
DA:37,16
DA:38,16
DA:39,0
DA:42,16
DA:43,16
DA:45,16
DA:46,16
DA:47,16
DA:49,0
DA:50,0
DA:55,6
DA:56,41
DA:57,41
DA:58,41
DA:61,1
DA:62,0
DA:65,1
DA:70,40
DA:71,40
DA:72,40
DA:77,6
DA:78,0
DA:79,0
DA:80,0
DA:82,0
DA:83,0
DA:88,6
DA:89,0
DA:90,0
DA:91,0
DA:93,0
DA:94,0
DA:104,6
DA:105,0
DA:106,0
DA:107,0
DA:109,0
DA:110,0
DA:116,0
DA:118,0
DA:120,0
DA:123,0
DA:126,0
DA:132,0
DA:142,0
DA:143,0
DA:145,0
DA:146,0
DA:147,0
DA:149,0
DA:166,0
DA:168,0
DA:169,0
DA:174,6
DA:175,6
DA:176,6
DA:177,6
DA:179,6
DA:180,6
DA:183,0
DA:185,0
DA:186,0
DA:191,6
DA:192,9
DA:193,9
DA:194,9
DA:195,9
DA:197,0
DA:198,0
DA:204,6
DA:205,0
DA:206,0
DA:209,0
DA:218,0
DA:235,0
DA:237,0
DA:238,0
DA:243,6
DA:244,0
DA:245,0
DA:246,0
DA:247,0
DA:249,0
DA:250,0
DA:254,6
DA:255,1
DA:256,1
DA:259,1
DA:261,1
DA:263,1
DA:264,1
DA:268,0
DA:269,0
DA:270,0
DA:274,0
DA:276,0
DA:277,0
DA:282,6
DA:283,0
DA:284,0
DA:285,0
DA:287,0
DA:288,0
DA:291,0
DA:292,0
DA:293,0
DA:296,0
DA:297,0
DA:300,0
DA:301,0
DA:303,0
DA:304,0
DA:307,0
DA:317,0
DA:318,0
DA:319,0
DA:320,0
DA:324,0
DA:326,0
DA:327,0
DA:332,6
DA:333,3
DA:334,3
DA:336,3
DA:337,0
DA:340,3
DA:341,3
DA:343,3
DA:344,0
DA:347,3
DA:349,0
DA:350,0
DA:355,6
DA:356,0
DA:357,0
DA:358,0
DA:360,0
DA:361,0
DA:362,0
DA:365,0
DA:366,0
DA:368,0
DA:369,0
DA:372,0
DA:373,0
DA:375,0
DA:376,0
DA:380,6
DA:383,6
LF:167
LH:69
BRDA:14,0,0,6
BRDA:15,1,0,6
BRDA:29,2,0,1
BRDA:29,3,0,18
BRDA:29,3,1,17
BRDA:33,4,0,1
BRDA:33,5,0,17
BRDA:33,5,1,16
BRDA:38,6,0,0
BRDA:42,7,0,1
BRDA:42,7,1,15
BRDA:43,8,0,0
BRDA:43,8,1,16
BRDA:71,9,0,40
BRDA:71,9,1,0
BRDA:109,10,0,0
BRDA:109,11,0,0
BRDA:109,11,1,0
BRDA:118,12,0,0
BRDA:123,13,0,0
BRDA:145,14,0,0
BRDA:161,15,0,0
BRDA:161,15,1,0
BRDA:179,16,0,6
BRDA:230,17,0,0
BRDA:230,17,1,0
BRDA:263,18,0,1
BRDA:268,19,0,0
BRDA:287,20,0,0
BRDA:287,21,0,0
BRDA:287,21,1,0
BRDA:292,22,0,0
BRDA:296,23,0,0
BRDA:296,24,0,0
BRDA:296,24,1,0
BRDA:303,25,0,0
BRDA:303,26,0,0
BRDA:303,26,1,0
BRDA:318,27,0,0
BRDA:336,28,0,0
BRDA:344,29,0,0
BRDA:344,29,1,0
BRDA:361,30,0,0
BRDA:361,31,0,0
BRDA:361,31,1,0
BRDA:365,32,0,0
BRDA:365,32,1,0
BRDA:368,33,0,0
BRF:48
BRH:14
end_of_record
TN:
SF:src\routes\auth.ts
FN:12,(anonymous_0)
FN:38,(anonymous_1)
FN:55,(anonymous_2)
FNF:3
FNH:3
FNDA:20,(anonymous_0)
FNDA:2,(anonymous_1)
FNDA:3,(anonymous_2)
DA:1,6
DA:2,6
DA:9,6
DA:12,6
DA:13,20
DA:14,20
DA:16,20
DA:17,1
DA:20,19
DA:21,1
DA:24,18
DA:26,18
DA:32,0
DA:33,0
DA:38,6
DA:39,2
DA:40,2
DA:42,2
DA:43,1
DA:44,1
DA:47,2
DA:49,0
DA:50,0
DA:55,6
DA:56,3
DA:57,3
DA:59,3
DA:60,1
DA:63,2
DA:64,2
DA:66,2
DA:68,0
DA:69,0
DA:73,6
LF:34
LH:28
BRDA:16,0,0,1
BRDA:20,1,0,1
BRDA:42,2,0,1
BRDA:42,3,0,2
BRDA:42,3,1,1
BRDA:59,4,0,1
BRDA:59,5,0,3
BRDA:59,5,1,2
BRF:8
BRH:8
end_of_record
TN:
SF:src\routes\callbacksPrisma.ts
FN:11,createCallbacksRouterPrisma
FN:15,(anonymous_2)
FN:55,(anonymous_3)
FN:72,(anonymous_4)
FN:92,(anonymous_5)
FN:124,(anonymous_6)
FNF:6
FNH:6
FNDA:6,createCallbacksRouterPrisma
FNDA:20,(anonymous_2)
FNDA:3,(anonymous_3)
FNDA:4,(anonymous_4)
FNDA:8,(anonymous_5)
FNDA:2,(anonymous_6)
DA:7,6
DA:8,6
DA:9,6
DA:11,6
DA:12,6
DA:15,6
DA:16,20
DA:17,20
DA:20,20
DA:21,2
DA:24,18
DA:25,2
DA:29,16
DA:30,3
DA:31,3
DA:32,1
DA:36,15
DA:47,15
DA:49,0
DA:50,0
DA:55,6
DA:56,3
DA:57,3
DA:59,3
DA:64,3
DA:66,0
DA:67,0
DA:72,6
DA:73,4
DA:74,4
DA:76,4
DA:80,4
DA:81,2
DA:84,2
DA:86,0
DA:87,0
DA:92,6
DA:93,8
DA:94,8
DA:95,8
DA:97,8
DA:98,8
DA:99,1
DA:102,7
DA:104,7
DA:113,6
DA:115,1
DA:116,1
DA:118,0
DA:119,0
DA:124,6
DA:125,2
DA:126,2
DA:128,2
DA:132,1
DA:134,1
DA:135,1
DA:137,0
DA:138,0
DA:142,6
DA:145,6
LF:61
LH:51
BRDA:20,0,0,2
BRDA:20,1,0,20
BRDA:20,1,1,19
BRDA:24,2,0,2
BRDA:24,3,0,18
BRDA:24,3,1,17
BRDA:29,4,0,3
BRDA:31,5,0,1
BRDA:40,6,0,15
BRDA:40,6,1,13
BRDA:41,7,0,15
BRDA:41,7,1,13
BRDA:42,8,0,15
BRDA:42,8,1,13
BRDA:60,9,0,1
BRDA:60,9,1,2
BRDA:80,10,0,2
BRDA:98,11,0,1
BRDA:98,12,0,8
BRDA:98,12,1,7
BRDA:102,13,0,4
BRDA:102,13,1,3
BRDA:102,14,0,7
BRDA:102,14,1,4
BRDA:107,15,0,7
BRDA:107,15,1,6
BRDA:108,16,0,7
BRDA:108,16,1,1
BRDA:109,17,0,7
BRDA:109,17,1,4
BRDA:115,18,0,1
BRDA:134,19,0,1
BRF:32
BRH:32
end_of_record
TN:
SF:src\routes\chat.ts
FN:16,(anonymous_1)
FN:37,(anonymous_2)
FN:94,(anonymous_3)
FNF:3
FNH:2
FNDA:9,(anonymous_1)
FNDA:0,(anonymous_2)
FNDA:2,(anonymous_3)
DA:1,6
DA:2,6
DA:3,6
DA:4,6
DA:7,6
DA:8,6
DA:16,6
DA:17,9
DA:18,9
DA:19,9
DA:21,9
DA:22,2
DA:25,7
DA:29,7
DA:30,0
DA:37,0
DA:43,7
DA:49,7
DA:52,7
DA:55,0
DA:58,0
DA:69,0
DA:82,7
DA:88,0
DA:89,0
DA:94,6
DA:95,2
DA:96,2
DA:100,2
DA:107,6
LF:30
LH:23
BRDA:18,0,0,8
BRDA:21,1,0,2
BRDA:21,2,0,9
BRDA:21,2,1,8
BRDA:29,3,0,0
BRDA:43,4,0,0
BRDA:43,4,1,7
BRDA:52,5,0,0
BRDA:77,6,0,0
BRDA:77,6,1,0
BRF:10
BRH:5
end_of_record
TN:
SF:src\routes\servicesPrisma.ts
FN:12,(anonymous_0)
FN:16,createServicesRouterPrisma
FN:23,(anonymous_2)
FN:35,(anonymous_3)
FN:43,(anonymous_4)
FN:60,(anonymous_5)
FN:72,(anonymous_6)
FN:84,(anonymous_7)
FN:93,(anonymous_8)
FN:110,(anonymous_9)
FNF:10
FNH:9
FNDA:7,(anonymous_0)
FNDA:6,createServicesRouterPrisma
FNDA:3,(anonymous_2)
FNDA:1,(anonymous_3)
FNDA:1,(anonymous_4)
FNDA:1,(anonymous_5)
FNDA:1,(anonymous_6)
FNDA:1,(anonymous_7)
FNDA:1,(anonymous_8)
FNDA:0,(anonymous_9)
DA:7,6
DA:8,6
DA:9,6
DA:12,6
DA:13,7
DA:16,6
DA:20,6
DA:23,6
DA:24,3
DA:25,3
DA:26,3
DA:27,3
DA:29,0
DA:30,0
DA:35,6
DA:36,1
DA:37,1
DA:38,1
DA:39,1
DA:40,1
DA:43,1
DA:52,1
DA:54,0
DA:55,0
DA:60,6
DA:61,1
DA:62,1
DA:63,1
DA:64,1
DA:66,0
DA:67,0
DA:72,6
DA:73,1
DA:74,1
DA:75,1
DA:76,1
DA:78,0
DA:79,0
DA:84,6
DA:85,1
DA:86,1
DA:87,1
DA:88,1
DA:90,1
DA:93,1
DA:94,1
DA:95,1
DA:96,0
DA:98,1
DA:101,1
DA:102,1
DA:104,0
DA:105,0
DA:110,6
DA:111,0
DA:112,0
DA:113,0
DA:114,0
DA:116,0
DA:117,0
DA:120,0
DA:122,0
DA:123,0
DA:127,6
DA:130,6
LF:65
LH:45
BRDA:12,0,0,7
BRDA:17,1,0,6
BRDA:18,2,0,6
BRDA:95,3,0,0
BRDA:95,4,0,1
BRDA:95,4,1,1
BRDA:116,5,0,0
BRF:7
BRH:5
end_of_record
TN:
SF:src\routes\userAuth.ts
FN:18,(anonymous_0)
FN:59,(anonymous_1)
FN:88,(anonymous_2)
FN:118,(anonymous_3)
FN:146,(anonymous_4)
FN:171,(anonymous_5)
FN:200,(anonymous_6)
FN:219,(anonymous_7)
FN:243,(anonymous_8)
FN:271,(anonymous_9)
FN:282,(anonymous_10)
FN:309,(anonymous_11)
FNF:12
FNH:0
FNDA:0,(anonymous_0)
FNDA:0,(anonymous_1)
FNDA:0,(anonymous_2)
FNDA:0,(anonymous_3)
FNDA:0,(anonymous_4)
FNDA:0,(anonymous_5)
FNDA:0,(anonymous_6)
FNDA:0,(anonymous_7)
FNDA:0,(anonymous_8)
FNDA:0,(anonymous_9)
FNDA:0,(anonymous_10)
FNDA:0,(anonymous_11)
DA:6,0
DA:7,0
DA:8,0
DA:9,0
DA:10,0
DA:12,0
DA:18,0
DA:19,0
DA:20,0
DA:23,0
DA:24,0
DA:28,0
DA:29,0
DA:30,0
DA:33,0
DA:40,0
DA:41,0
DA:44,0
DA:50,0
DA:51,0
DA:59,0
DA:60,0
DA:61,0
DA:63,0
DA:64,0
DA:67,0
DA:69,0
DA:70,0
DA:73,0
DA:79,0
DA:80,0
DA:88,0
DA:89,0
DA:90,0
DA:92,0
DA:93,0
DA:96,0
DA:98,0
DA:99,0
DA:102,0
DA:109,0
DA:110,0
DA:118,0
DA:119,0
DA:120,0
DA:122,0
DA:123,0
DA:126,0
DA:128,0
DA:129,0
DA:132,0
DA:137,0
DA:138,0
DA:146,0
DA:147,0
DA:148,0
DA:150,0
DA:151,0
DA:154,0
DA:157,0
DA:162,0
DA:163,0
DA:171,0
DA:172,0
DA:173,0
DA:174,0
DA:176,0
DA:177,0
DA:180,0
DA:182,0
DA:183,0
DA:186,0
DA:191,0
DA:192,0
DA:200,0
DA:201,0
DA:202,0
DA:204,0
DA:205,0
DA:208,0
DA:210,0
DA:211,0
DA:219,0
DA:220,0
DA:221,0
DA:223,0
DA:225,0
DA:226,0
DA:229,0
DA:234,0
DA:235,0
DA:243,0
DA:244,0
DA:245,0
DA:247,0
DA:248,0
DA:251,0
DA:253,0
DA:254,0
DA:257,0
DA:262,0
DA:263,0
DA:271,0
DA:273,0
DA:282,0
DA:283,0
DA:285,0
DA:286,0
DA:289,0
DA:290,0
DA:291,0
DA:293,0
DA:302,0
DA:309,0
DA:310,0
DA:311,0
DA:313,0
DA:314,0
DA:315,0
DA:318,0
DA:319,0
DA:322,0
DA:323,0
DA:324,0
DA:326,0
DA:327,0
DA:331,0
DA:343,0
DA:345,0
DA:346,0
DA:347,0
DA:351,0
DA:355,0
DA:362,0
DA:363,0
DA:367,0
DA:373,0
DA:374,0
DA:378,0
DA:379,0
DA:402,0
DA:403,0
DA:407,0
LF:143
LH:0
BRDA:23,0,0,0
BRDA:23,1,0,0
BRDA:23,1,1,0
BRDA:23,1,2,0
BRDA:29,2,0,0
BRDA:40,3,0,0
BRDA:63,4,0,0
BRDA:63,5,0,0
BRDA:63,5,1,0
BRDA:69,6,0,0
BRDA:92,7,0,0
BRDA:98,8,0,0
BRDA:122,9,0,0
BRDA:128,10,0,0
BRDA:150,11,0,0
BRDA:176,12,0,0
BRDA:176,13,0,0
BRDA:176,13,1,0
BRDA:182,14,0,0
BRDA:204,15,0,0
BRDA:225,16,0,0
BRDA:247,17,0,0
BRDA:247,18,0,0
BRDA:247,18,1,0
BRDA:253,19,0,0
BRDA:285,20,0,0
BRDA:289,21,0,0
BRDA:289,21,1,0
BRDA:313,22,0,0
BRDA:315,23,0,0
BRDA:315,23,1,0
BRDA:318,24,0,0
BRDA:318,25,0,0
BRDA:318,25,1,0
BRDA:319,26,0,0
BRDA:319,26,1,0
BRDA:324,27,0,0
BRDA:324,27,1,0
BRDA:326,28,0,0
BRDA:326,29,0,0
BRDA:326,29,1,0
BRDA:327,30,0,0
BRDA:327,30,1,0
BRDA:345,31,0,0
BRDA:347,32,0,0
BRDA:347,32,1,0
BRDA:362,33,0,0
BRDA:363,34,0,0
BRDA:363,34,1,0
BRDA:369,35,0,0
BRDA:369,35,1,0
BRDA:373,36,0,0
BRDA:373,37,0,0
BRDA:373,37,1,0
BRDA:374,38,0,0
BRDA:374,38,1,0
BRDA:378,39,0,0
BRDA:378,39,1,0
BRDA:403,40,0,0
BRDA:403,40,1,0
BRF:60
BRH:0
end_of_record
TN:
SF:src\routes\users.ts
FN:17,(anonymous_0)
FN:62,(anonymous_1)
FN:63,(anonymous_2)
FN:73,(anonymous_3)
FN:99,(anonymous_4)
FN:144,(anonymous_5)
FN:207,(anonymous_6)
FNF:7
FNH:0
FNDA:0,(anonymous_0)
FNDA:0,(anonymous_1)
FNDA:0,(anonymous_2)
FNDA:0,(anonymous_3)
FNDA:0,(anonymous_4)
FNDA:0,(anonymous_5)
FNDA:0,(anonymous_6)
DA:6,0
DA:7,0
DA:8,0
DA:10,0
DA:11,0
DA:17,0
DA:18,0
DA:19,0
DA:20,0
DA:21,0
DA:27,0
DA:29,0
DA:30,0
DA:33,0
DA:34,0
DA:38,0
DA:61,0
DA:62,0
DA:63,0
DA:65,0
DA:66,0
DA:73,0
DA:88,0
DA:90,0
DA:91,0
DA:99,0
DA:100,0
DA:101,0
DA:102,0
DA:104,0
DA:116,0
DA:117,0
DA:120,0
DA:135,0
DA:136,0
DA:144,0
DA:145,0
DA:146,0
DA:147,0
DA:148,0
DA:151,0
DA:161,0
DA:162,0
DA:166,0
DA:167,0
DA:170,0
DA:178,0
DA:179,0
DA:183,0
DA:184,0
DA:188,0
DA:193,0
DA:198,0
DA:199,0
DA:207,0
DA:208,0
DA:209,0
DA:210,0
DA:211,0
DA:214,0
DA:232,0
DA:244,0
DA:257,0
DA:258,0
DA:262,0
LF:65
LH:0
BRDA:29,0,0,0
BRDA:29,1,0,0
BRDA:29,1,1,0
BRDA:33,2,0,0
BRDA:62,3,0,0
BRDA:62,3,1,0
BRDA:65,4,0,0
BRDA:81,5,0,0
BRDA:81,5,1,0
BRDA:116,6,0,0
BRDA:128,7,0,0
BRDA:128,7,1,0
BRDA:161,8,0,0
BRDA:178,9,0,0
BRDA:183,10,0,0
BRDA:249,11,0,0
BRDA:249,11,1,0
BRF:17
BRH:0
end_of_record
TN:
SF:src\services\adminPrisma.ts
FN:86,(anonymous_1)
FN:101,(anonymous_2)
FN:107,(anonymous_3)
FN:114,(anonymous_4)
FN:133,(anonymous_5)
FN:143,(anonymous_6)
FN:166,(anonymous_7)
FN:172,(anonymous_8)
FN:179,(anonymous_9)
FN:196,(anonymous_10)
FN:206,(anonymous_11)
FN:217,(anonymous_12)
FN:223,(anonymous_13)
FN:230,(anonymous_14)
FN:240,(anonymous_15)
FN:252,(anonymous_16)
FN:258,(anonymous_17)
FN:264,(anonymous_18)
FN:274,(anonymous_19)
FN:284,(anonymous_20)
FN:340,(anonymous_21)
FN:361,(anonymous_22)
FN:377,(anonymous_23)
FN:394,(anonymous_24)
FN:403,(anonymous_25)
FN:418,(anonymous_26)
FN:424,(anonymous_27)
FN:431,(anonymous_28)
FN:441,(anonymous_29)
FN:451,(anonymous_30)
FN:457,(anonymous_31)
FN:463,(anonymous_32)
FNF:32
FNH:8
FNDA:0,(anonymous_1)
FNDA:2,(anonymous_2)
FNDA:5,(anonymous_3)
FNDA:0,(anonymous_4)
FNDA:0,(anonymous_5)
FNDA:0,(anonymous_6)
FNDA:19,(anonymous_7)
FNDA:4,(anonymous_8)
FNDA:0,(anonymous_9)
FNDA:0,(anonymous_10)
FNDA:0,(anonymous_11)
FNDA:0,(anonymous_12)
FNDA:0,(anonymous_13)
FNDA:0,(anonymous_14)
FNDA:0,(anonymous_15)
FNDA:0,(anonymous_16)
FNDA:17,(anonymous_17)
FNDA:0,(anonymous_18)
FNDA:0,(anonymous_19)
FNDA:1,(anonymous_20)
FNDA:0,(anonymous_21)
FNDA:0,(anonymous_22)
FNDA:0,(anonymous_23)
FNDA:0,(anonymous_24)
FNDA:0,(anonymous_25)
FNDA:0,(anonymous_26)
FNDA:2,(anonymous_27)
FNDA:0,(anonymous_28)
FNDA:0,(anonymous_29)
FNDA:8,(anonymous_30)
FNDA:0,(anonymous_31)
FNDA:0,(anonymous_32)
DA:13,7
DA:82,7
DA:87,0
DA:102,2
DA:108,5
DA:115,0
DA:116,0
DA:118,0
DA:134,0
DA:135,0
DA:137,0
DA:138,0
DA:145,0
DA:148,0
DA:151,0
DA:153,0
DA:167,19
DA:173,4
DA:180,0
DA:181,0
DA:183,0
DA:197,0
DA:198,0
DA:200,0
DA:201,0
DA:207,0
DA:218,0
DA:224,0
DA:231,0
DA:232,0
DA:234,0
DA:235,0
DA:241,0
DA:253,0
DA:259,17
DA:265,0
DA:266,0
DA:268,0
DA:275,0
DA:276,0
DA:278,0
DA:279,0
DA:285,1
DA:286,1
DA:287,1
DA:288,1
DA:297,1
DA:301,1
DA:318,1
DA:323,1
DA:332,1
DA:338,1
DA:340,1
DA:346,1
DA:362,0
DA:382,0
DA:395,0
DA:404,0
DA:405,0
DA:407,0
DA:419,0
DA:425,2
DA:432,0
DA:433,0
DA:435,0
DA:442,0
DA:443,0
DA:445,0
DA:446,0
DA:452,8
DA:458,0
DA:464,0
DA:481,7
LF:73
LH:22
BRDA:92,0,0,0
BRDA:92,0,1,0
BRDA:93,1,0,0
BRDA:93,1,1,0
BRDA:94,2,0,0
BRDA:94,2,1,0
BRDA:96,3,0,0
BRDA:96,3,1,0
BRDA:107,4,0,1
BRDA:109,5,0,3
BRDA:109,5,1,2
BRDA:116,6,0,0
BRDA:121,7,0,0
BRDA:121,7,1,0
BRDA:122,8,0,0
BRDA:122,8,1,0
BRDA:123,9,0,0
BRDA:123,9,1,0
BRDA:124,10,0,0
BRDA:124,10,1,0
BRDA:125,11,0,0
BRDA:125,11,1,0
BRDA:126,12,0,0
BRDA:126,12,1,0
BRDA:127,13,0,0
BRDA:127,13,1,0
BRDA:128,14,0,0
BRDA:128,14,1,0
BRDA:135,15,0,0
BRDA:145,16,0,0
BRDA:145,16,1,0
BRDA:151,17,0,0
BRDA:151,17,1,0
BRDA:159,18,0,0
BRDA:159,18,1,0
BRDA:160,19,0,0
BRDA:160,19,1,0
BRDA:161,20,0,0
BRDA:161,20,1,0
BRDA:172,21,0,0
BRDA:174,22,0,4
BRDA:174,22,1,0
BRDA:181,23,0,0
BRDA:186,24,0,0
BRDA:186,24,1,0
BRDA:187,25,0,0
BRDA:187,25,1,0
BRDA:188,26,0,0
BRDA:188,26,1,0
BRDA:189,27,0,0
BRDA:189,27,1,0
BRDA:190,28,0,0
BRDA:190,28,1,0
BRDA:191,29,0,0
BRDA:191,29,1,0
BRDA:198,30,0,0
BRDA:212,31,0,0
BRDA:212,31,1,0
BRDA:223,32,0,0
BRDA:225,33,0,0
BRDA:225,33,1,0
BRDA:232,34,0,0
BRDA:245,35,0,0
BRDA:245,35,1,0
BRDA:264,36,0,0
BRDA:269,37,0,0
BRDA:269,37,1,0
BRDA:276,38,0,0
BRDA:338,39,0,1
BRDA:338,39,1,0
BRDA:347,40,0,1
BRDA:347,40,1,1
BRDA:348,41,0,1
BRDA:348,41,1,1
BRDA:349,42,0,1
BRDA:349,42,1,1
BRDA:350,43,0,1
BRDA:350,43,1,1
BRDA:351,44,0,1
BRDA:351,44,1,1
BRDA:352,45,0,1
BRDA:352,45,1,1
BRDA:353,46,0,1
BRDA:353,46,1,1
BRDA:377,47,0,0
BRDA:383,48,0,0
BRDA:383,48,1,0
BRDA:405,49,0,0
BRDA:405,49,1,0
BRDA:412,50,0,0
BRDA:412,50,1,0
BRDA:413,51,0,0
BRDA:413,51,1,0
BRDA:424,52,0,0
BRDA:426,53,0,2
BRDA:426,53,1,0
BRDA:433,54,0,0
BRDA:443,55,0,0
BRDA:468,56,0,0
BRDA:468,56,1,0
BRF:100
BRH:20
end_of_record
TN:
SF:src\services\chatHistory.ts
FN:23,(anonymous_0)
FN:45,(anonymous_1)
FN:55,(anonymous_2)
FN:79,(anonymous_3)
FN:81,(anonymous_4)
FN:85,(anonymous_5)
FN:90,(anonymous_6)
FN:99,(anonymous_7)
FN:104,(anonymous_8)
FN:117,(anonymous_9)
FN:120,(anonymous_10)
FN:128,(anonymous_11)
FNF:12
FNH:0
FNDA:0,(anonymous_0)
FNDA:0,(anonymous_1)
FNDA:0,(anonymous_2)
FNDA:0,(anonymous_3)
FNDA:0,(anonymous_4)
FNDA:0,(anonymous_5)
FNDA:0,(anonymous_6)
FNDA:0,(anonymous_7)
FNDA:0,(anonymous_8)
FNDA:0,(anonymous_9)
FNDA:0,(anonymous_10)
FNDA:0,(anonymous_11)
DA:1,0
DA:2,0
DA:21,0
DA:29,0
DA:30,0
DA:31,0
DA:32,0
DA:33,0
DA:35,0
DA:41,0
DA:46,0
DA:55,0
DA:57,0
DA:58,0
DA:59,0
DA:61,0
DA:65,0
DA:80,0
DA:81,0
DA:86,0
DA:91,0
DA:95,0
DA:100,0
DA:105,0
DA:106,0
DA:109,0
DA:115,0
DA:117,0
DA:119,0
DA:120,0
DA:124,0
DA:129,0
DA:131,0
DA:133,0
DA:141,0
LF:35
LH:0
BRDA:31,0,0,0
BRDA:31,0,1,0
BRDA:32,1,0,0
BRDA:32,1,1,0
BRDA:33,2,0,0
BRDA:33,2,1,0
BRDA:45,3,0,0
BRDA:57,4,0,0
BRDA:70,5,0,0
BRDA:70,5,1,0
BRDA:79,6,0,0
BRDA:85,7,0,0
BRDA:95,8,0,0
BRDA:95,8,1,0
BRDA:104,9,0,0
BRDA:115,10,0,0
BRDA:131,11,0,0
BRF:17
BRH:0
end_of_record
TN:
SF:src\services\email.ts
FN:25,(anonymous_10)
FN:29,(anonymous_11)
FN:75,(anonymous_12)
FN:90,(anonymous_13)
FN:105,(anonymous_14)
FN:275,(anonymous_15)
FN:336,(anonymous_16)
FN:372,(anonymous_17)
FN:398,(anonymous_18)
FN:415,(anonymous_19)
FN:554,(anonymous_20)
FNF:11
FNH:6
FNDA:6,(anonymous_10)
FNDA:6,(anonymous_11)
FNDA:1,(anonymous_12)
FNDA:1,(anonymous_13)
FNDA:1,(anonymous_14)
FNDA:1,(anonymous_15)
FNDA:0,(anonymous_16)
FNDA:0,(anonymous_17)
FNDA:0,(anonymous_18)
FNDA:0,(anonymous_19)
FNDA:0,(anonymous_20)
DA:1,6
DA:3,6
DA:6,6
DA:18,6
DA:19,6
DA:20,6
DA:21,6
DA:22,6
DA:23,6
DA:26,6
DA:31,6
DA:32,6
DA:33,0
DA:34,0
DA:35,0
DA:36,0
DA:37,0
DA:38,0
DA:39,0
DA:43,6
DA:44,6
DA:45,6
DA:46,6
DA:48,6
DA:49,6
DA:50,6
DA:51,6
DA:52,6
DA:56,0
DA:71,0
DA:72,0
DA:77,1
DA:78,0
DA:80,1
DA:82,1
DA:91,1
DA:92,0
DA:93,0
DA:94,0
DA:95,0
DA:96,0
DA:99,1
DA:100,1
DA:101,1
DA:102,1
DA:106,1
DA:107,1
DA:108,1
DA:110,1
DA:112,1
DA:242,1
DA:272,1
DA:276,1
DA:277,1
DA:278,1
DA:280,1
DA:282,1
DA:283,1
DA:284,1
DA:285,1
DA:286,1
DA:287,1
DA:288,1
DA:292,0
DA:293,0
DA:294,0
DA:295,0
DA:296,0
DA:297,0
DA:298,0
DA:299,0
DA:301,0
DA:302,0
DA:303,0
DA:305,0
DA:306,0
DA:311,0
DA:312,0
DA:313,0
DA:321,0
DA:322,0
DA:324,0
DA:325,0
DA:329,0
DA:343,0
DA:344,0
DA:345,0
DA:347,0
DA:349,0
DA:350,0
DA:351,0
DA:352,0
DA:353,0
DA:354,0
DA:355,0
DA:357,0
DA:358,0
DA:362,0
DA:363,0
DA:364,0
DA:365,0
DA:366,0
DA:367,0
DA:368,0
DA:369,0
DA:371,0
DA:372,0
DA:380,0
DA:381,0
DA:382,0
DA:384,0
DA:385,0
DA:390,0
DA:391,0
DA:392,0
DA:398,0
DA:404,0
DA:405,0
DA:407,0
DA:408,0
DA:412,0
DA:416,0
DA:417,0
DA:418,0
DA:420,0
DA:422,0
DA:527,0
DA:551,0
DA:555,0
DA:556,0
DA:557,0
DA:559,0
DA:561,0
DA:562,0
DA:563,0
DA:564,0
DA:565,0
DA:566,0
DA:567,0
DA:571,0
DA:572,0
DA:573,0
DA:574,0
DA:575,0
DA:576,0
DA:577,0
DA:578,0
DA:580,0
DA:581,0
DA:582,0
DA:584,0
DA:585,0
DA:590,0
DA:591,0
DA:592,0
DA:600,0
DA:601,0
DA:603,0
DA:604,0
DA:608,0
DA:612,6
LF:161
LH:48
BRDA:32,0,0,0
BRDA:44,1,0,6
BRDA:44,1,1,6
BRDA:48,2,0,6
BRDA:48,3,0,6
BRDA:48,3,1,0
BRDA:48,3,2,0
BRDA:77,4,0,0
BRDA:77,4,1,1
BRDA:91,5,0,0
BRDA:94,6,0,0
BRDA:94,6,1,0
BRDA:95,7,0,0
BRDA:95,7,1,0
BRDA:100,8,0,0
BRDA:100,8,1,1
BRDA:101,9,0,1
BRDA:101,9,1,0
BRDA:172,10,0,1
BRDA:172,10,1,0
BRDA:252,11,0,1
BRDA:252,11,1,0
BRDA:277,12,0,1
BRDA:277,12,1,1
BRDA:277,12,2,0
BRDA:277,12,3,0
BRDA:278,13,0,1
BRDA:278,13,1,1
BRDA:280,14,0,1
BRDA:292,15,0,0
BRDA:292,16,0,0
BRDA:292,16,1,0
BRDA:311,17,0,0
BRDA:344,18,0,0
BRDA:344,18,1,0
BRDA:344,18,2,0
BRDA:344,18,3,0
BRDA:345,19,0,0
BRDA:345,19,1,0
BRDA:347,20,0,0
BRDA:353,21,0,0
BRDA:353,21,1,0
BRDA:354,22,0,0
BRDA:362,23,0,0
BRDA:362,24,0,0
BRDA:362,24,1,0
BRDA:367,25,0,0
BRDA:371,26,0,0
BRDA:371,27,0,0
BRDA:371,27,1,0
BRDA:374,28,0,0
BRDA:374,28,1,0
BRDA:390,29,0,0
BRDA:396,30,0,0
BRDA:396,30,1,0
BRDA:556,31,0,0
BRDA:556,31,1,0
BRDA:556,31,2,0
BRDA:556,31,3,0
BRDA:557,32,0,0
BRDA:557,32,1,0
BRDA:559,33,0,0
BRDA:571,34,0,0
BRDA:571,35,0,0
BRDA:571,35,1,0
BRDA:590,36,0,0
BRF:66
BRH:14
end_of_record
TN:
SF:src\services\groq.ts
FN:36,(anonymous_1)
FN:44,(anonymous_2)
FN:47,(anonymous_3)
FN:48,(anonymous_4)
FN:51,(anonymous_5)
FN:58,(anonymous_6)
FN:67,(anonymous_7)
FN:79,(anonymous_8)
FN:141,(anonymous_9)
FN:204,(anonymous_10)
FN:226,(anonymous_11)
FN:233,(anonymous_12)
FN:253,(anonymous_13)
FN:253,(anonymous_14)
FN:257,(anonymous_15)
FNF:15
FNH:2
FNDA:15,(anonymous_1)
FNDA:60,(anonymous_2)
FNDA:0,(anonymous_3)
FNDA:0,(anonymous_4)
FNDA:0,(anonymous_5)
FNDA:0,(anonymous_6)
FNDA:0,(anonymous_7)
FNDA:0,(anonymous_8)
FNDA:0,(anonymous_9)
FNDA:0,(anonymous_10)
FNDA:0,(anonymous_11)
FNDA:0,(anonymous_12)
FNDA:0,(anonymous_13)
FNDA:0,(anonymous_14)
FNDA:0,(anonymous_15)
DA:1,5
DA:2,5
DA:5,5
DA:22,5
DA:29,5
DA:33,15
DA:34,15
DA:37,15
DA:38,15
DA:39,0
DA:42,15
DA:43,15
DA:44,60
DA:48,0
DA:52,0
DA:53,0
DA:55,0
DA:59,0
DA:60,0
DA:62,0
DA:64,0
DA:69,0
DA:70,0
DA:71,0
DA:72,0
DA:73,0
DA:76,0
DA:81,0
DA:82,0
DA:84,0
DA:85,0
DA:87,0
DA:88,0
DA:89,0
DA:98,0
DA:99,0
DA:101,0
DA:110,0
DA:111,0
DA:115,0
DA:116,0
DA:117,0
DA:118,0
DA:119,0
DA:123,0
DA:124,0
DA:125,0
DA:129,0
DA:130,0
DA:137,0
DA:138,0
DA:150,0
DA:151,0
DA:152,0
DA:153,0
DA:162,0
DA:163,0
DA:165,0
DA:170,0
DA:171,0
DA:176,0
DA:177,0
DA:178,0
DA:179,0
DA:180,0
DA:187,0
DA:188,0
DA:189,0
DA:190,0
DA:191,0
DA:194,0
DA:195,0
DA:200,0
DA:201,0
DA:208,0
DA:209,0
DA:216,0
DA:218,0
DA:219,0
DA:227,0
DA:229,0
DA:233,0
DA:240,0
DA:241,0
DA:248,0
DA:250,0
DA:251,0
DA:253,0
DA:255,0
DA:257,0
DA:262,5
LF:91
LH:13
BRDA:38,0,0,0
BRDA:43,1,0,15
BRDA:43,1,1,15
BRDA:52,2,0,0
BRDA:52,3,0,0
BRDA:52,3,1,0
BRDA:52,3,2,0
BRDA:59,4,0,0
BRDA:59,5,0,0
BRDA:59,5,1,0
BRDA:59,5,2,0
BRDA:62,6,0,0
BRDA:62,6,1,0
BRDA:69,7,0,0
BRDA:69,8,0,0
BRDA:69,8,1,0
BRDA:69,8,2,0
BRDA:72,9,0,0
BRDA:98,10,0,0
BRDA:98,10,1,0
BRDA:103,11,0,0
BRDA:103,11,1,0
BRDA:112,12,0,0
BRDA:112,12,1,0
BRDA:115,13,0,0
BRDA:123,14,0,0
BRDA:129,15,0,0
BRDA:163,16,0,0
BRDA:163,16,1,0
BRDA:163,17,0,0
BRDA:163,17,1,0
BRDA:166,18,0,0
BRDA:166,18,1,0
BRDA:172,19,0,0
BRDA:172,19,1,0
BRDA:176,20,0,0
BRDA:176,21,0,0
BRDA:176,21,1,0
BRDA:176,21,2,0
BRDA:178,22,0,0
BRDA:178,23,0,0
BRDA:178,23,1,0
BRDA:187,24,0,0
BRDA:194,25,0,0
BRDA:210,26,0,0
BRDA:210,26,1,0
BRDA:212,27,0,0
BRDA:212,27,1,0
BRDA:213,28,0,0
BRDA:213,28,1,0
BRDA:216,29,0,0
BRDA:216,29,1,0
BRDA:227,30,0,0
BRDA:248,31,0,0
BRDA:248,31,1,0
BRDA:251,32,0,0
BRDA:251,32,1,0
BRF:57
BRH:2
end_of_record
TN:
SF:src\services\receptionist.ts
FN:10,(anonymous_0)
FNF:1
FNH:1
FNDA:12,(anonymous_0)
DA:9,6
DA:10,18
LF:2
LH:2
BRF:0
BRH:0
end_of_record
TN:
SF:src\services\retention.ts
FN:28,(anonymous_1)
FN:38,(anonymous_2)
FN:78,(anonymous_3)
FN:91,(anonymous_4)
FN:95,(anonymous_5)
FN:104,(anonymous_6)
FN:194,(anonymous_7)
FN:226,(anonymous_8)
FN:273,(anonymous_9)
FN:282,(anonymous_10)
FN:332,(anonymous_11)
FNF:11
FNH:1
FNDA:6,(anonymous_1)
FNDA:0,(anonymous_2)
FNDA:0,(anonymous_3)
FNDA:0,(anonymous_4)
FNDA:0,(anonymous_5)
FNDA:0,(anonymous_6)
FNDA:0,(anonymous_7)
FNDA:0,(anonymous_8)
FNDA:0,(anonymous_9)
FNDA:0,(anonymous_10)
FNDA:0,(anonymous_11)
DA:1,6
DA:2,6
DA:3,6
DA:4,6
DA:5,6
DA:21,6
DA:24,6
DA:25,6
DA:26,6
DA:30,6
DA:31,0
DA:39,0
DA:40,0
DA:41,0
DA:43,0
DA:44,0
DA:45,0
DA:49,0
DA:50,0
DA:51,0
DA:54,0
DA:57,0
DA:58,0
DA:59,0
DA:60,0
DA:61,0
DA:62,0
DA:63,0
DA:64,0
DA:68,0
DA:70,0
DA:71,0
DA:75,0
DA:79,0
DA:92,0
DA:96,0
DA:97,0
DA:105,0
DA:108,0
DA:109,0
DA:111,0
DA:114,0
DA:118,0
DA:119,0
DA:122,0
DA:123,0
DA:124,0
DA:125,0
DA:129,0
DA:134,0
DA:141,0
DA:142,0
DA:143,0
DA:144,0
DA:145,0
DA:146,0
DA:147,0
DA:148,0
DA:151,0
DA:154,0
DA:155,0
DA:156,0
DA:157,0
DA:159,0
DA:160,0
DA:161,0
DA:164,0
DA:165,0
DA:166,0
DA:167,0
DA:168,0
DA:170,0
DA:172,0
DA:174,0
DA:179,0
DA:180,0
DA:181,0
DA:194,0
DA:195,0
DA:196,0
DA:197,0
DA:213,0
DA:214,0
DA:215,0
DA:226,0
DA:227,0
DA:240,0
DA:243,0
DA:244,0
DA:245,0
DA:246,0
DA:247,0
DA:249,0
DA:254,0
DA:265,0
DA:266,0
DA:267,0
DA:274,0
DA:275,0
DA:276,0
DA:283,0
DA:284,0
DA:285,0
DA:289,0
DA:290,0
DA:293,0
DA:296,0
DA:299,0
DA:302,0
DA:308,0
DA:311,0
DA:312,0
DA:313,0
DA:314,0
DA:315,0
DA:317,0
DA:323,0
DA:324,0
DA:325,0
DA:327,0
DA:333,0
DA:334,0
DA:335,0
DA:339,6
LF:124
LH:11
BRDA:30,0,0,0
BRDA:40,1,0,0
BRDA:40,2,0,0
BRDA:40,2,1,0
BRDA:44,3,0,0
BRDA:49,4,0,0
BRDA:57,5,0,0
BRDA:57,6,0,0
BRDA:57,6,1,0
BRDA:59,7,0,0
BRDA:96,8,0,0
BRDA:104,9,0,0
BRDA:111,10,0,0
BRDA:111,10,1,0
BRDA:114,11,0,0
BRDA:114,11,1,0
BRDA:123,12,0,0
BRDA:123,13,0,0
BRDA:123,13,1,0
BRDA:142,14,0,0
BRDA:165,15,0,0
BRDA:167,16,0,0
BRDA:179,17,0,0
BRDA:195,18,0,0
BRDA:195,18,1,0
BRDA:196,19,0,0
BRDA:196,19,1,0
BRDA:196,20,0,0
BRDA:196,20,1,0
BRDA:207,21,0,0
BRDA:207,21,1,0
BRDA:213,22,0,0
BRDA:235,23,0,0
BRDA:235,23,1,0
BRDA:243,24,0,0
BRDA:275,25,0,0
BRDA:275,26,0,0
BRDA:275,26,1,0
BRDA:284,27,0,0
BRDA:311,28,0,0
BRDA:313,29,0,0
BRF:41
BRH:0
end_of_record
TN:
SF:src\services\schedulerPrisma.ts
FN:56,(anonymous_1)
FN:65,(anonymous_2)
FN:73,(anonymous_3)
FN:81,(anonymous_4)
FN:90,(anonymous_5)
FN:102,(anonymous_6)
FN:108,(anonymous_7)
FN:121,(anonymous_8)
FN:159,(anonymous_9)
FN:239,(anonymous_10)
FN:259,(anonymous_11)
FN:338,(anonymous_12)
FN:350,(anonymous_13)
FN:379,(anonymous_14)
FN:387,(anonymous_15)
FN:392,(anonymous_16)
FN:396,(anonymous_17)
FN:401,(anonymous_18)
FN:405,(anonymous_19)
FN:423,(anonymous_20)
FN:470,(anonymous_21)
FN:482,(anonymous_22)
FN:486,(anonymous_23)
FN:524,(anonymous_24)
FN:554,(anonymous_25)
FN:560,(anonymous_26)
FN:565,(anonymous_27)
FNF:27
FNH:20
FNDA:13,(anonymous_1)
FNDA:42,(anonymous_2)
FNDA:42,(anonymous_3)
FNDA:5,(anonymous_4)
FNDA:372,(anonymous_5)
FNDA:44,(anonymous_6)
FNDA:44,(anonymous_7)
FNDA:3,(anonymous_8)
FNDA:20,(anonymous_9)
FNDA:20,(anonymous_10)
FNDA:44,(anonymous_11)
FNDA:2,(anonymous_12)
FNDA:2,(anonymous_13)
FNDA:8,(anonymous_14)
FNDA:12,(anonymous_15)
FNDA:0,(anonymous_16)
FNDA:0,(anonymous_17)
FNDA:0,(anonymous_18)
FNDA:1,(anonymous_19)
FNDA:0,(anonymous_20)
FNDA:0,(anonymous_21)
FNDA:0,(anonymous_22)
FNDA:0,(anonymous_23)
FNDA:2,(anonymous_24)
FNDA:25,(anonymous_25)
FNDA:60,(anonymous_26)
FNDA:370,(anonymous_27)
DA:7,7
DA:8,7
DA:9,7
DA:10,7
DA:11,7
DA:50,7
DA:52,7
DA:60,13
DA:61,13
DA:66,42
DA:67,42
DA:68,42
DA:69,42
DA:74,42
DA:75,42
DA:76,42
DA:77,42
DA:82,5
DA:83,5
DA:84,5
DA:85,5
DA:86,5
DA:91,372
DA:92,372
DA:93,0
DA:94,0
DA:95,0
DA:97,372
DA:98,372
DA:103,44
DA:104,44
DA:109,44
DA:110,44
DA:111,1
DA:113,43
DA:114,43
DA:115,1
DA:117,42
DA:129,3
DA:130,3
DA:132,3
DA:145,3
DA:148,1
DA:149,1
DA:153,1
DA:155,1
DA:166,20
DA:167,20
DA:170,20
DA:171,20
DA:173,20
DA:174,0
DA:178,20
DA:179,20
DA:180,0
DA:184,20
DA:185,20
DA:186,20
DA:190,20
DA:191,20
DA:193,20
DA:204,20
DA:207,20
DA:208,20
DA:209,3
DA:210,3
DA:211,0
DA:216,20
DA:217,370
DA:220,370
DA:221,224
DA:225,146
DA:226,0
DA:227,0
DA:228,0
DA:230,0
DA:231,0
DA:232,0
DA:233,0
DA:238,146
DA:239,146
DA:240,20
DA:241,20
DA:244,20
DA:245,20
DA:246,20
DA:249,146
DA:255,20
DA:260,44
DA:270,44
DA:271,0
DA:274,44
DA:275,0
DA:278,44
DA:279,44
DA:280,2
DA:283,42
DA:284,0
DA:287,42
DA:288,37
DA:291,5
DA:292,0
DA:296,5
DA:297,5
DA:298,5
DA:299,0
DA:303,5
DA:304,5
DA:305,2
DA:308,3
DA:309,0
DA:313,3
DA:320,1
DA:324,2
DA:325,2
DA:326,0
DA:329,2
DA:331,2
DA:333,2
DA:338,2
DA:340,2
DA:341,0
DA:344,2
DA:345,0
DA:349,2
DA:350,2
DA:351,2
DA:354,2
DA:372,2
DA:374,2
DA:380,8
DA:383,8
DA:388,12
DA:392,12
DA:397,0
DA:401,0
DA:406,1
DA:407,1
DA:409,0
DA:410,0
DA:411,0
DA:414,0
DA:419,0
DA:428,0
DA:429,0
DA:430,0
DA:433,0
DA:441,0
DA:442,0
DA:443,0
DA:447,0
DA:448,0
DA:449,0
DA:450,0
DA:451,0
DA:453,0
DA:454,0
DA:461,0
DA:466,0
DA:471,0
DA:472,0
DA:474,0
DA:482,0
DA:495,0
DA:505,0
DA:506,0
DA:508,0
DA:517,0
DA:518,0
DA:520,0
DA:525,2
DA:526,2
DA:530,2
DA:531,2
DA:535,2
DA:555,25
DA:556,25
DA:557,25
DA:561,60
DA:562,60
DA:566,370
DA:567,370
DA:568,370
DA:572,7
LF:184
LH:128
BRDA:57,0,0,7
BRDA:58,1,0,7
BRDA:67,2,0,0
BRDA:92,3,0,0
BRDA:110,4,0,1
BRDA:114,5,0,1
BRDA:114,6,0,43
BRDA:114,6,1,43
BRDA:145,7,0,2
BRDA:149,8,0,1
BRDA:149,8,1,0
BRDA:167,9,0,20
BRDA:167,9,1,12
BRDA:173,10,0,0
BRDA:173,11,0,20
BRDA:173,11,1,20
BRDA:179,12,0,0
BRDA:200,13,0,20
BRDA:200,13,1,3
BRDA:208,14,0,3
BRDA:210,15,0,0
BRDA:220,16,0,224
BRDA:225,17,0,0
BRDA:227,18,0,0
BRDA:232,19,0,0
BRDA:232,20,0,0
BRDA:232,20,1,0
BRDA:241,21,0,20
BRDA:241,21,1,0
BRDA:246,22,0,20
BRDA:246,22,1,1
BRDA:270,23,0,0
BRDA:270,24,0,44
BRDA:270,24,1,44
BRDA:274,25,0,0
BRDA:279,26,0,2
BRDA:280,27,0,2
BRDA:280,27,1,0
BRDA:283,28,0,0
BRDA:287,29,0,37
BRDA:291,30,0,0
BRDA:298,31,0,0
BRDA:298,32,0,5
BRDA:298,32,1,5
BRDA:304,33,0,2
BRDA:308,34,0,0
BRDA:313,35,0,1
BRDA:325,36,0,0
BRDA:340,37,0,0
BRDA:340,38,0,2
BRDA:340,38,1,2
BRDA:344,39,0,0
BRDA:362,40,0,2
BRDA:362,40,1,0
BRDA:367,41,0,2
BRDA:367,41,1,1
BRDA:368,42,0,2
BRDA:368,42,1,2
BRDA:383,43,0,0
BRDA:383,43,1,8
BRDA:407,44,0,1
BRDA:410,45,0,0
BRDA:429,46,0,0
BRDA:441,47,0,0
BRDA:441,47,1,0
BRDA:442,48,0,0
BRDA:447,49,0,0
BRDA:447,50,0,0
BRDA:447,50,1,0
BRDA:447,50,2,0
BRDA:448,51,0,0
BRDA:448,51,1,0
BRDA:453,52,0,0
BRDA:518,53,0,0
BRDA:518,53,1,0
BRDA:526,54,0,2
BRDA:526,54,1,0
BRDA:531,55,0,2
BRDA:531,55,1,0
BRDA:542,56,0,2
BRDA:542,56,1,0
BRDA:543,57,0,2
BRDA:543,57,1,0
BRDA:548,58,0,2
BRDA:548,58,1,1
BRDA:549,59,0,2
BRDA:549,59,1,1
BRDA:550,60,0,2
BRDA:550,60,1,1
BRF:89
BRH:47
end_of_record
TN:
SF:src\services\userAuth.ts
FN:56,(anonymous_1)
FN:134,(anonymous_2)
FN:199,(anonymous_3)
FN:246,(anonymous_4)
FN:279,(anonymous_5)
FN:321,(anonymous_6)
FN:345,(anonymous_7)
FN:374,(anonymous_8)
FN:417,(anonymous_9)
FN:429,(anonymous_10)
FN:464,(anonymous_11)
FN:530,(anonymous_12)
FN:543,(anonymous_13)
FN:561,(anonymous_14)
FNF:14
FNH:0
FNDA:0,(anonymous_1)
FNDA:0,(anonymous_2)
FNDA:0,(anonymous_3)
FNDA:0,(anonymous_4)
FNDA:0,(anonymous_5)
FNDA:0,(anonymous_6)
FNDA:0,(anonymous_7)
FNDA:0,(anonymous_8)
FNDA:0,(anonymous_9)
FNDA:0,(anonymous_10)
FNDA:0,(anonymous_11)
FNDA:0,(anonymous_12)
FNDA:0,(anonymous_13)
FNDA:0,(anonymous_14)
DA:6,6
DA:7,6
DA:8,6
DA:9,6
DA:10,6
DA:12,6
DA:15,6
DA:16,6
DA:17,6
DA:18,6
DA:57,0
DA:58,0
DA:62,0
DA:65,0
DA:69,0
DA:72,0
DA:76,0
DA:77,0
DA:81,0
DA:85,0
DA:86,0
DA:89,0
DA:102,0
DA:106,0
DA:117,0
DA:119,0
DA:135,0
DA:136,0
DA:139,0
DA:145,0
DA:146,0
DA:151,0
DA:152,0
DA:157,0
DA:158,0
DA:160,0
DA:165,0
DA:166,0
DA:170,0
DA:174,0
DA:179,0
DA:191,0
DA:192,0
DA:200,0
DA:201,0
DA:205,0
DA:206,0
DA:209,0
DA:210,0
DA:214,0
DA:224,0
DA:226,0
DA:238,0
DA:239,0
DA:247,0
DA:248,0
DA:253,0
DA:254,0
DA:258,0
DA:259,0
DA:261,0
DA:267,0
DA:269,0
DA:271,0
DA:272,0
DA:280,0
DA:281,0
DA:285,0
DA:286,0
DA:289,0
DA:290,0
DA:294,0
DA:295,0
DA:299,0
DA:302,0
DA:311,0
DA:313,0
DA:314,0
DA:322,0
DA:323,0
DA:327,0
DA:329,0
DA:337,0
DA:338,0
DA:346,0
DA:347,0
DA:355,0
DA:366,0
DA:367,0
DA:375,0
DA:376,0
DA:380,0
DA:381,0
DA:385,0
DA:386,0
DA:390,0
DA:391,0
DA:392,0
DA:396,0
DA:397,0
DA:401,0
DA:402,0
DA:407,0
DA:409,0
DA:410,0
DA:418,0
DA:419,0
DA:420,0
DA:422,0
DA:430,0
DA:431,0
DA:435,0
DA:436,0
DA:439,0
DA:440,0
DA:444,0
DA:445,0
DA:447,0
DA:452,0
DA:454,0
DA:456,0
DA:457,0
DA:465,0
DA:466,0
DA:469,0
DA:473,0
DA:475,0
DA:479,0
DA:481,0
DA:490,0
DA:503,0
DA:506,0
DA:511,0
DA:523,0
DA:524,0
DA:531,0
DA:540,0
DA:544,0
DA:546,0
DA:562,0
DA:564,0
DA:581,6
LF:142
LH:11
BRDA:15,0,0,6
BRDA:15,0,1,0
BRDA:69,1,0,0
BRDA:76,2,0,0
BRDA:145,3,0,0
BRDA:151,4,0,0
BRDA:158,5,0,0
BRDA:165,6,0,0
BRDA:205,7,0,0
BRDA:209,8,0,0
BRDA:209,9,0,0
BRDA:209,9,1,0
BRDA:253,10,0,0
BRDA:285,11,0,0
BRDA:289,12,0,0
BRDA:289,13,0,0
BRDA:289,13,1,0
BRDA:294,14,0,0
BRDA:327,15,0,0
BRDA:380,16,0,0
BRDA:385,17,0,0
BRDA:391,18,0,0
BRDA:396,19,0,0
BRDA:435,20,0,0
BRDA:439,21,0,0
BRDA:473,22,0,0
BRDA:479,23,0,0
BRDA:479,23,1,0
BRDA:544,24,0,0
BRDA:544,24,1,0
BRDA:562,25,0,0
BRDA:562,25,1,0
BRF:32
BRH:1
end_of_record
TN:
SF:src\services\auth\index.ts
FN:13,(anonymous_0)
FN:13,(anonymous_1)
FN:14,(anonymous_2)
FN:14,(anonymous_3)
FN:14,(anonymous_4)
FN:14,(anonymous_5)
FNF:6
FNH:0
FNDA:0,(anonymous_0)
FNDA:0,(anonymous_1)
FNDA:0,(anonymous_2)
FNDA:0,(anonymous_3)
FNDA:0,(anonymous_4)
FNDA:0,(anonymous_5)
DA:13,0
DA:14,0
LF:2
LH:0
BRF:0
BRH:0
end_of_record
TN:
SF:src\services\auth\password.ts
FN:28,(anonymous_1)
FN:39,(anonymous_2)
FN:51,(anonymous_3)
FNF:3
FNH:0
FNDA:0,(anonymous_1)
FNDA:0,(anonymous_2)
FNDA:0,(anonymous_3)
DA:9,0
DA:14,0
DA:17,0
DA:19,0
DA:29,0
DA:40,0
DA:52,0
DA:53,0
DA:58,0
DA:63,0
LF:10
LH:0
BRDA:52,0,0,0
BRDA:52,1,0,0
BRDA:52,1,1,0
BRF:3
BRH:0
end_of_record
TN:
SF:src\services\auth\token.ts
FN:39,(anonymous_1)
FN:49,(anonymous_2)
FN:62,(anonymous_3)
FN:75,(anonymous_4)
FNF:4
FNH:0
FNDA:0,(anonymous_1)
FNDA:0,(anonymous_2)
FNDA:0,(anonymous_3)
FNDA:0,(anonymous_4)
DA:11,0
DA:15,0
DA:20,0
DA:21,0
DA:28,0
DA:40,0
DA:50,0
DA:63,0
DA:76,0
DA:77,0
DA:82,0
LF:11
LH:0
BRDA:76,0,0,0
BRF:1
BRH:0
end_of_record
TN:
SF:src\services\knowledge\index.ts
FN:28,(anonymous_1)
FN:42,(anonymous_2)
FN:52,(anonymous_3)
FN:70,(anonymous_4)
FN:80,(anonymous_5)
FN:95,(anonymous_6)
FN:100,(anonymous_7)
FN:110,(anonymous_8)
FN:119,(anonymous_9)
FN:126,(anonymous_10)
FN:141,(anonymous_11)
FN:163,(anonymous_12)
FN:172,(anonymous_13)
FN:173,(anonymous_14)
FN:177,(anonymous_15)
FN:178,(anonymous_16)
FN:183,(anonymous_17)
FN:190,(anonymous_18)
FN:195,(anonymous_19)
FN:202,(anonymous_20)
FN:204,(anonymous_21)
FN:205,(anonymous_22)
FN:214,(anonymous_23)
FN:222,(anonymous_24)
FN:239,(anonymous_25)
FN:276,(anonymous_26)
FN:299,(anonymous_27)
FN:330,(anonymous_28)
FN:338,(anonymous_29)
FN:345,(anonymous_30)
FNF:30
FNH:0
FNDA:0,(anonymous_1)
FNDA:0,(anonymous_2)
FNDA:0,(anonymous_3)
FNDA:0,(anonymous_4)
FNDA:0,(anonymous_5)
FNDA:0,(anonymous_6)
FNDA:0,(anonymous_7)
FNDA:0,(anonymous_8)
FNDA:0,(anonymous_9)
FNDA:0,(anonymous_10)
FNDA:0,(anonymous_11)
FNDA:0,(anonymous_12)
FNDA:0,(anonymous_13)
FNDA:0,(anonymous_14)
FNDA:0,(anonymous_15)
FNDA:0,(anonymous_16)
FNDA:0,(anonymous_17)
FNDA:0,(anonymous_18)
FNDA:0,(anonymous_19)
FNDA:0,(anonymous_20)
FNDA:0,(anonymous_21)
FNDA:0,(anonymous_22)
FNDA:0,(anonymous_23)
FNDA:0,(anonymous_24)
FNDA:0,(anonymous_25)
FNDA:0,(anonymous_26)
FNDA:0,(anonymous_27)
FNDA:0,(anonymous_28)
FNDA:0,(anonymous_29)
FNDA:0,(anonymous_30)
DA:3,0
DA:4,0
DA:5,0
DA:16,0
DA:18,0
DA:21,0
DA:25,0
DA:26,0
DA:30,0
DA:43,0
DA:44,0
DA:46,0
DA:53,0
DA:55,0
DA:56,0
DA:58,0
DA:59,0
DA:61,0
DA:62,0
DA:63,0
DA:67,0
DA:70,0
DA:79,0
DA:80,0
DA:86,0
DA:88,0
DA:89,0
DA:91,0
DA:96,0
DA:100,0
DA:109,0
DA:110,0
DA:116,0
DA:120,0
DA:127,0
DA:128,0
DA:130,0
DA:133,0
DA:135,0
DA:142,0
DA:144,0
DA:145,0
DA:146,0
DA:148,0
DA:149,0
DA:150,0
DA:151,0
DA:154,0
DA:164,0
DA:165,0
DA:168,0
DA:170,0
DA:171,0
DA:172,0
DA:173,0
DA:177,0
DA:178,0
DA:182,0
DA:183,0
DA:187,0
DA:188,0
DA:190,0
DA:191,0
DA:192,0
DA:195,0
DA:196,0
DA:197,0
DA:201,0
DA:202,0
DA:205,0
DA:206,0
DA:207,0
DA:214,0
DA:217,0
DA:218,0
DA:221,0
DA:222,0
DA:226,0
DA:229,0
DA:230,0
DA:241,0
DA:242,0
DA:244,0
DA:245,0
DA:247,0
DA:248,0
DA:249,0
DA:250,0
DA:252,0
DA:254,0
DA:255,0
DA:258,0
DA:261,0
DA:262,0
DA:266,0
DA:267,0
DA:268,0
DA:269,0
DA:270,0
DA:271,0
DA:273,0
DA:277,0
DA:278,0
DA:280,0
DA:281,0
DA:283,0
DA:287,0
DA:295,0
DA:296,0
DA:303,0
DA:304,0
DA:306,0
DA:307,0
DA:308,0
DA:309,0
DA:310,0
DA:311,0
DA:314,0
DA:319,0
DA:326,0
DA:327,0
DA:331,0
DA:334,0
DA:335,0
DA:339,0
DA:346,0
LF:126
LH:0
BRDA:43,0,0,0
BRDA:53,1,0,0
BRDA:58,2,0,0
BRDA:74,3,0,0
BRDA:74,3,1,0
BRDA:75,4,0,0
BRDA:75,4,1,0
BRDA:104,5,0,0
BRDA:104,5,1,0
BRDA:105,6,0,0
BRDA:105,6,1,0
BRDA:127,7,0,0
BRDA:130,8,0,0
BRDA:142,9,0,0
BRDA:163,10,0,0
BRDA:163,11,0,0
BRDA:164,12,0,0
BRDA:164,13,0,0
BRDA:164,13,1,0
BRDA:191,14,0,0
BRDA:191,14,1,0
BRDA:196,15,0,0
BRDA:196,15,1,0
BRDA:206,16,0,0
BRDA:217,17,0,0
BRDA:217,18,0,0
BRDA:217,18,1,0
BRDA:221,19,0,0
BRDA:239,20,0,0
BRDA:248,21,0,0
BRDA:248,22,0,0
BRDA:248,22,1,0
BRDA:252,23,0,0
BRDA:252,23,1,0
BRDA:254,24,0,0
BRDA:261,25,0,0
BRDA:292,26,0,0
BRDA:292,26,1,0
BRDA:303,27,0,0
BRDA:303,28,0,0
BRDA:303,28,1,0
BRDA:307,29,0,0
BRDA:308,30,0,0
BRDA:308,30,1,0
BRDA:309,31,0,0
BRDA:309,31,1,0
BRDA:323,32,0,0
BRDA:323,32,1,0
BRDA:338,33,0,0
BRDA:340,34,0,0
BRDA:340,34,1,0
BRF:51
BRH:0
end_of_record
TN:
SF:src\services\receptionist\handlers.ts
FN:12,executeBooking
FN:56,(anonymous_2)
FN:56,(anonymous_3)
FN:61,executeCallbackRequest
FN:137,lookupAppointments
FN:161,(anonymous_6)
FN:177,(anonymous_7)
FN:187,(anonymous_8)
FN:216,(anonymous_9)
FN:241,cancelAppointment
FN:311,getAppointmentForReschedule
FNF:11
FNH:0
FNDA:0,executeBooking
FNDA:0,(anonymous_2)
FNDA:0,(anonymous_3)
FNDA:0,executeCallbackRequest
FNDA:0,lookupAppointments
FNDA:0,(anonymous_6)
FNDA:0,(anonymous_7)
FNDA:0,(anonymous_8)
FNDA:0,(anonymous_9)
FNDA:0,cancelAppointment
FNDA:0,getAppointmentForReschedule
DA:1,6
DA:2,6
DA:4,6
DA:7,6
DA:12,6
DA:21,0
DA:22,0
DA:32,0
DA:45,0
DA:56,6
DA:61,6
DA:69,0
DA:70,0
DA:71,0
DA:73,0
DA:74,0
DA:76,0
DA:77,0
DA:80,0
DA:82,0
DA:84,0
DA:86,0
DA:98,0
DA:108,0
DA:137,6
DA:142,0
DA:144,0
DA:145,0
DA:148,0
DA:151,0
DA:161,0
DA:162,0
DA:166,0
DA:167,0
DA:168,0
DA:171,0
DA:174,0
DA:175,0
DA:176,0
DA:177,0
DA:186,0
DA:187,0
DA:188,0
DA:189,0
DA:194,0
DA:197,0
DA:198,0
DA:199,0
DA:202,0
DA:205,0
DA:207,0
DA:208,0
DA:214,0
DA:216,0
DA:228,0
DA:241,6
DA:246,0
DA:248,0
DA:249,0
DA:253,0
DA:254,0
DA:255,0
DA:259,0
DA:261,0
DA:262,0
DA:266,0
DA:267,0
DA:268,0
DA:269,0
DA:273,0
DA:274,0
DA:278,0
DA:280,0
DA:281,0
DA:284,0
DA:298,0
DA:311,6
DA:316,0
DA:318,0
DA:319,0
DA:323,0
DA:324,0
DA:325,0
DA:328,0
DA:330,0
DA:331,0
DA:335,0
DA:336,0
DA:337,0
DA:338,0
DA:342,0
DA:343,0
DA:346,0
DA:362,0
LF:94
LH:10
BRDA:47,0,0,0
BRDA:47,0,1,0
BRDA:70,1,0,0
BRDA:70,1,1,0
BRDA:71,2,0,0
BRDA:71,2,1,0
BRDA:73,3,0,0
BRDA:73,4,0,0
BRDA:73,4,1,0
BRDA:76,5,0,0
BRDA:76,6,0,0
BRDA:76,6,1,0
BRDA:91,7,0,0
BRDA:91,7,1,0
BRDA:92,8,0,0
BRDA:92,8,1,0
BRDA:93,9,0,0
BRDA:93,9,1,0
BRDA:110,10,0,0
BRDA:110,10,1,0
BRDA:144,11,0,0
BRDA:144,12,0,0
BRDA:144,12,1,0
BRDA:161,13,0,0
BRDA:161,14,0,0
BRDA:161,14,1,0
BRDA:167,15,0,0
BRDA:176,16,0,0
BRDA:188,17,0,0
BRDA:188,18,0,0
BRDA:188,18,1,0
BRDA:188,18,2,0
BRDA:197,19,0,0
BRDA:207,20,0,0
BRDA:230,21,0,0
BRDA:230,21,1,0
BRDA:248,22,0,0
BRDA:248,23,0,0
BRDA:248,23,1,0
BRDA:254,24,0,0
BRDA:261,25,0,0
BRDA:268,26,0,0
BRDA:273,27,0,0
BRDA:280,28,0,0
BRDA:300,29,0,0
BRDA:300,29,1,0
BRDA:318,30,0,0
BRDA:318,31,0,0
BRDA:318,31,1,0
BRDA:324,32,0,0
BRDA:330,33,0,0
BRDA:337,34,0,0
BRDA:342,35,0,0
BRDA:364,36,0,0
BRDA:364,36,1,0
BRF:55
BRH:0
end_of_record
TN:
SF:src\services\receptionist\index.ts
FN:67,(anonymous_1)
FN:78,(anonymous_2)
FN:86,(anonymous_3)
FN:99,(anonymous_4)
FN:112,(anonymous_5)
FN:120,(anonymous_6)
FN:138,(anonymous_7)
FN:173,(anonymous_8)
FN:184,(anonymous_9)
FN:194,(anonymous_10)
FN:201,(anonymous_11)
FN:209,(anonymous_12)
FN:217,(anonymous_13)
FN:222,(anonymous_14)
FN:223,(anonymous_15)
FN:231,(anonymous_16)
FN:253,(anonymous_17)
FN:275,(anonymous_18)
FN:285,(anonymous_19)
FN:306,(anonymous_20)
FN:309,(anonymous_21)
FN:310,(anonymous_22)
FN:394,(anonymous_23)
FN:408,(anonymous_24)
FN:441,(anonymous_25)
FN:456,(anonymous_26)
FN:464,(anonymous_27)
FN:521,(anonymous_28)
FN:551,(anonymous_29)
FN:582,(anonymous_30)
FN:592,(anonymous_31)
FN:602,(anonymous_32)
FN:605,(anonymous_33)
FN:606,(anonymous_34)
FN:608,(anonymous_35)
FN:653,(anonymous_36)
FN:676,(anonymous_37)
FN:695,(anonymous_38)
FN:846,(anonymous_39)
FN:883,(anonymous_40)
FN:937,(anonymous_41)
FNF:41
FNH:23
FNDA:12,(anonymous_1)
FNDA:0,(anonymous_2)
FNDA:7,(anonymous_3)
FNDA:7,(anonymous_4)
FNDA:2,(anonymous_5)
FNDA:0,(anonymous_6)
FNDA:18,(anonymous_7)
FNDA:0,(anonymous_8)
FNDA:0,(anonymous_9)
FNDA:2,(anonymous_10)
FNDA:1,(anonymous_11)
FNDA:1,(anonymous_12)
FNDA:7,(anonymous_13)
FNDA:0,(anonymous_14)
FNDA:0,(anonymous_15)
FNDA:7,(anonymous_16)
FNDA:0,(anonymous_17)
FNDA:7,(anonymous_18)
FNDA:1,(anonymous_19)
FNDA:54,(anonymous_20)
FNDA:28,(anonymous_21)
FNDA:63,(anonymous_22)
FNDA:0,(anonymous_23)
FNDA:0,(anonymous_24)
FNDA:0,(anonymous_25)
FNDA:0,(anonymous_26)
FNDA:0,(anonymous_27)
FNDA:0,(anonymous_28)
FNDA:0,(anonymous_29)
FNDA:7,(anonymous_30)
FNDA:14,(anonymous_31)
FNDA:7,(anonymous_32)
FNDA:14,(anonymous_33)
FNDA:21,(anonymous_34)
FNDA:14,(anonymous_35)
FNDA:2,(anonymous_36)
FNDA:0,(anonymous_37)
FNDA:2,(anonymous_38)
FNDA:0,(anonymous_39)
FNDA:0,(anonymous_40)
FNDA:0,(anonymous_41)
DA:9,6
DA:10,6
DA:11,6
DA:12,6
DA:13,6
DA:14,6
DA:15,6
DA:43,6
DA:45,6
DA:52,12
DA:53,12
DA:54,12
DA:55,12
DA:59,12
DA:65,12
DA:72,12
DA:73,12
DA:74,12
DA:75,12
DA:78,12
DA:79,0
DA:87,7
DA:88,7
DA:89,6
DA:91,1
DA:92,1
DA:93,1
DA:100,7
DA:101,7
DA:102,6
DA:104,1
DA:105,1
DA:106,1
DA:113,2
DA:114,2
DA:115,0
DA:119,2
DA:120,2
DA:131,2
DA:132,2
DA:139,18
DA:140,18
DA:141,16
DA:145,2
DA:152,2
DA:161,2
DA:169,2
DA:170,2
DA:172,0
DA:173,0
DA:174,0
DA:185,0
DA:186,0
DA:187,0
DA:188,0
DA:195,2
DA:202,1
DA:203,1
DA:210,1
DA:211,1
DA:218,7
DA:219,7
DA:220,7
DA:222,7
DA:223,0
DA:232,7
DA:235,7
DA:237,0
DA:239,0
DA:240,0
DA:243,0
DA:252,0
DA:253,0
DA:254,0
DA:255,0
DA:260,0
DA:261,0
DA:262,0
DA:263,0
DA:268,7
DA:279,7
DA:282,7
DA:285,7
DA:286,7
DA:291,7
DA:292,0
DA:293,0
DA:294,0
DA:299,7
DA:300,7
DA:304,7
DA:306,54
DA:309,28
DA:310,63
DA:313,7
DA:317,7
DA:318,0
DA:319,0
DA:320,0
DA:322,0
DA:323,0
DA:325,0
DA:330,7
DA:331,7
DA:332,0
DA:333,0
DA:335,0
DA:336,0
DA:338,0
DA:343,7
DA:345,0
DA:349,0
DA:350,0
DA:352,0
DA:354,0
DA:362,7
DA:364,0
DA:365,0
DA:366,0
DA:367,0
DA:372,0
DA:373,0
DA:374,0
DA:375,0
DA:376,0
DA:381,0
DA:382,0
DA:388,7
DA:395,0
DA:397,0
DA:398,0
DA:405,0
DA:406,0
DA:408,0
DA:410,0
DA:411,0
DA:412,0
DA:414,0
DA:415,0
DA:417,0
DA:423,0
DA:424,0
DA:425,0
DA:427,0
DA:430,0
DA:432,0
DA:433,0
DA:440,0
DA:441,0
DA:450,0
DA:461,0
DA:462,0
DA:464,0
DA:465,0
DA:466,0
DA:467,0
DA:469,0
DA:472,0
DA:473,0
DA:476,0
DA:477,0
DA:478,0
DA:482,0
DA:483,0
DA:484,0
DA:485,0
DA:486,0
DA:491,0
DA:492,0
DA:493,0
DA:494,0
DA:495,0
DA:496,0
DA:500,0
DA:502,0
DA:505,0
DA:509,0
DA:522,0
DA:524,0
DA:525,0
DA:531,0
DA:532,0
DA:533,0
DA:542,0
DA:552,0
DA:554,0
DA:555,0
DA:561,0
DA:562,0
DA:588,7
DA:591,7
DA:592,14
DA:601,7
DA:602,7
DA:604,7
DA:605,7
DA:606,21
DA:607,14
DA:608,14
DA:610,7
DA:620,7
DA:622,7
DA:629,7
DA:630,0
DA:640,7
DA:643,7
DA:644,1
DA:646,1
DA:653,2
DA:658,1
DA:663,0
DA:664,0
DA:665,0
DA:668,1
DA:673,7
DA:675,7
DA:676,0
DA:677,0
DA:679,0
DA:686,7
DA:687,7
DA:688,0
DA:689,0
DA:693,7
DA:695,2
DA:702,7
DA:703,7
DA:707,7
DA:710,7
DA:716,7
DA:718,0
DA:719,0
DA:721,0
DA:722,0
DA:723,0
DA:724,0
DA:726,0
DA:727,0
DA:729,0
DA:730,0
DA:731,0
DA:732,0
DA:733,0
DA:734,0
DA:736,0
DA:737,0
DA:740,0
DA:743,0
DA:746,0
DA:755,0
DA:760,7
DA:761,0
DA:762,0
DA:763,0
DA:766,0
DA:767,0
DA:774,0
DA:775,0
DA:776,0
DA:784,0
DA:791,0
DA:792,0
DA:799,0
DA:800,0
DA:802,0
DA:803,0
DA:807,0
DA:815,0
DA:825,0
DA:826,0
DA:828,0
DA:829,0
DA:835,0
DA:836,0
DA:843,0
DA:844,0
DA:846,0
DA:848,0
DA:849,0
DA:851,0
DA:853,0
DA:854,0
DA:855,0
DA:856,0
DA:857,0
DA:858,0
DA:859,0
DA:864,0
DA:865,0
DA:866,0
DA:867,0
DA:868,0
DA:869,0
DA:873,0
DA:877,0
DA:881,0
DA:882,0
DA:883,0
DA:891,0
DA:893,0
DA:906,0
DA:907,0
DA:910,0
DA:911,0
DA:912,0
DA:915,0
DA:916,0
DA:917,0
DA:918,0
DA:922,0
DA:924,0
DA:926,0
DA:927,0
DA:928,0
DA:929,0
DA:930,0
DA:932,0
DA:934,0
DA:935,0
DA:937,0
DA:938,0
DA:939,0
DA:940,0
DA:941,0
DA:942,0
DA:943,0
DA:944,0
DA:946,0
DA:947,0
DA:948,0
DA:949,0
DA:952,0
DA:955,0
DA:963,0
DA:971,0
DA:977,0
DA:978,0
DA:981,0
DA:982,0
DA:985,0
DA:986,0
DA:988,0
DA:989,0
DA:990,0
DA:991,0
DA:992,0
DA:993,0
DA:994,0
DA:995,0
DA:998,0
DA:999,0
DA:1000,0
DA:1001,0
DA:1002,0
DA:1003,0
DA:1007,0
DA:1010,0
DA:1019,0
DA:1026,0
DA:1027,0
DA:1030,0
DA:1031,0
DA:1033,0
DA:1034,0
DA:1035,0
DA:1039,0
DA:1041,0
DA:1043,0
DA:1044,0
DA:1046,0
DA:1049,0
DA:1055,0
DA:1056,0
DA:1075,7
LF:374
LH:110
BRDA:68,0,0,12
BRDA:69,1,0,12
BRDA:70,2,0,12
BRDA:88,3,0,6
BRDA:88,4,0,7
BRDA:88,4,1,6
BRDA:101,5,0,6
BRDA:101,6,0,7
BRDA:101,6,1,6
BRDA:114,7,0,0
BRDA:114,8,0,2
BRDA:114,8,1,0
BRDA:124,9,0,0
BRDA:124,9,1,0
BRDA:125,10,0,0
BRDA:125,10,1,0
BRDA:126,11,0,0
BRDA:126,11,1,0
BRDA:127,12,0,0
BRDA:127,12,1,0
BRDA:128,13,0,0
BRDA:128,13,1,0
BRDA:140,14,0,16
BRDA:140,15,0,18
BRDA:140,15,1,16
BRDA:162,16,0,2
BRDA:162,16,1,2
BRDA:163,17,0,2
BRDA:163,17,1,2
BRDA:164,18,0,2
BRDA:164,18,1,2
BRDA:165,19,0,2
BRDA:165,19,1,2
BRDA:176,20,0,0
BRDA:176,20,1,0
BRDA:176,21,0,0
BRDA:176,21,1,0
BRDA:220,22,0,7
BRDA:220,22,1,0
BRDA:237,23,0,0
BRDA:240,24,0,0
BRDA:253,25,0,0
BRDA:253,26,0,0
BRDA:253,26,1,0
BRDA:261,27,0,0
BRDA:285,28,0,7
BRDA:285,28,1,6
BRDA:286,29,0,7
BRDA:286,29,1,0
BRDA:286,29,2,0
BRDA:286,29,3,0
BRDA:286,29,4,0
BRDA:291,30,0,0
BRDA:291,31,0,7
BRDA:291,31,1,0
BRDA:309,32,0,7
BRDA:309,32,1,0
BRDA:310,33,0,7
BRDA:310,33,1,0
BRDA:313,34,0,7
BRDA:313,34,1,0
BRDA:313,34,2,0
BRDA:317,35,0,0
BRDA:317,36,0,7
BRDA:317,36,1,0
BRDA:317,36,2,0
BRDA:317,36,3,0
BRDA:318,37,0,0
BRDA:318,37,1,0
BRDA:322,38,0,0
BRDA:322,38,1,0
BRDA:331,39,0,0
BRDA:331,40,0,7
BRDA:331,40,1,0
BRDA:331,40,2,0
BRDA:332,41,0,0
BRDA:332,41,1,0
BRDA:335,42,0,0
BRDA:335,42,1,0
BRDA:343,43,0,0
BRDA:343,44,0,7
BRDA:343,44,1,0
BRDA:343,44,2,0
BRDA:345,45,0,0
BRDA:345,45,1,0
BRDA:345,45,2,0
BRDA:345,45,3,0
BRDA:349,46,0,0
BRDA:362,47,0,0
BRDA:362,48,0,7
BRDA:362,48,1,7
BRDA:362,48,2,0
BRDA:365,49,0,0
BRDA:372,50,0,0
BRDA:374,51,0,0
BRDA:383,52,0,0
BRDA:383,52,1,0
BRDA:397,53,0,0
BRDA:408,54,0,0
BRDA:408,54,1,0
BRDA:411,55,0,0
BRDA:411,55,1,0
BRDA:411,56,0,0
BRDA:411,56,1,0
BRDA:423,57,0,0
BRDA:430,58,0,0
BRDA:430,58,1,0
BRDA:432,59,0,0
BRDA:472,60,0,0
BRDA:472,60,1,0
BRDA:472,61,0,0
BRDA:472,61,1,0
BRDA:477,62,0,0
BRDA:482,63,0,0
BRDA:482,64,0,0
BRDA:482,64,1,0
BRDA:485,65,0,0
BRDA:492,66,0,0
BRDA:492,67,0,0
BRDA:492,67,1,0
BRDA:494,68,0,0
BRDA:494,69,0,0
BRDA:494,69,1,0
BRDA:495,70,0,0
BRDA:495,70,1,0
BRDA:496,71,0,0
BRDA:496,71,1,0
BRDA:502,72,0,0
BRDA:502,72,1,0
BRDA:505,73,0,0
BRDA:505,73,1,0
BRDA:524,74,0,0
BRDA:531,75,0,0
BRDA:554,76,0,0
BRDA:554,77,0,0
BRDA:554,77,1,0
BRDA:595,78,0,14
BRDA:595,78,1,0
BRDA:604,79,0,7
BRDA:604,79,1,0
BRDA:607,80,0,14
BRDA:607,80,1,0
BRDA:613,81,0,7
BRDA:613,81,1,0
BRDA:629,82,0,0
BRDA:633,83,0,0
BRDA:633,83,1,0
BRDA:643,84,0,1
BRDA:663,85,0,0
BRDA:663,86,0,0
BRDA:663,86,1,0
BRDA:675,87,0,0
BRDA:687,88,0,0
BRDA:702,89,0,7
BRDA:702,90,0,7
BRDA:702,90,1,1
BRDA:716,91,0,0
BRDA:716,92,0,7
BRDA:716,92,1,7
BRDA:721,93,0,0
BRDA:724,94,0,0
BRDA:731,95,0,0
BRDA:731,95,1,0
BRDA:731,96,0,0
BRDA:731,96,1,0
BRDA:734,97,0,0
BRDA:737,98,0,0
BRDA:760,99,0,0
BRDA:760,100,0,7
BRDA:760,100,1,0
BRDA:766,101,0,0
BRDA:768,102,0,0
BRDA:768,102,1,0
BRDA:774,103,0,0
BRDA:791,104,0,0
BRDA:793,105,0,0
BRDA:793,105,1,0
BRDA:799,106,0,0
BRDA:802,107,0,0
BRDA:802,107,1,0
BRDA:802,108,0,0
BRDA:802,108,1,0
BRDA:804,109,0,0
BRDA:804,109,1,0
BRDA:825,110,0,0
BRDA:828,111,0,0
BRDA:835,112,0,0
BRDA:835,113,0,0
BRDA:835,113,1,0
BRDA:853,114,0,0
BRDA:856,115,0,0
BRDA:864,116,0,0
BRDA:866,117,0,0
BRDA:866,118,0,0
BRDA:866,118,1,0
BRDA:867,119,0,0
BRDA:867,119,1,0
BRDA:868,120,0,0
BRDA:868,120,1,0
BRDA:877,121,0,0
BRDA:877,121,1,0
BRDA:906,122,0,0
BRDA:911,123,0,0
BRDA:911,124,0,0
BRDA:911,124,1,0
BRDA:916,125,0,0
BRDA:924,126,0,0
BRDA:927,127,0,0
BRDA:932,128,0,0
BRDA:932,128,1,0
BRDA:932,129,0,0
BRDA:932,129,1,0
BRDA:932,129,2,0
BRDA:943,130,0,0
BRDA:947,131,0,0
BRDA:947,132,0,0
BRDA:947,132,1,0
BRDA:948,133,0,0
BRDA:948,133,1,0
BRDA:949,134,0,0
BRDA:949,134,1,0
BRDA:952,135,0,0
BRDA:952,135,1,0
BRDA:977,136,0,0
BRDA:989,137,0,0
BRDA:992,138,0,0
BRDA:998,139,0,0
BRDA:1000,140,0,0
BRDA:1000,141,0,0
BRDA:1000,141,1,0
BRDA:1001,142,0,0
BRDA:1001,142,1,0
BRDA:1002,143,0,0
BRDA:1002,143,1,0
BRDA:1026,144,0,0
BRDA:1031,145,0,0
BRDA:1031,146,0,0
BRDA:1031,146,1,0
BRDA:1034,147,0,0
BRDA:1041,148,0,0
BRDA:1041,149,0,0
BRDA:1041,149,1,0
BRDA:1044,150,0,0
BRDA:1076,151,0,7
BRDA:1076,151,1,7
BRF:245
BRH:47
end_of_record
TN:
SF:src\services\receptionist\promptBuilder.ts
FN:28,formatStaffSchedule
FN:31,(anonymous_1)
FN:34,(anonymous_2)
FN:48,buildSystemPrompt
FN:68,(anonymous_4)
FN:74,(anonymous_5)
FN:83,(anonymous_6)
FN:94,(anonymous_7)
FN:107,(anonymous_8)
FNF:9
FNH:5
FNDA:0,formatStaffSchedule
FNDA:0,(anonymous_1)
FNDA:0,(anonymous_2)
FNDA:7,buildSystemPrompt
FNDA:14,(anonymous_4)
FNDA:7,(anonymous_5)
FNDA:98,(anonymous_6)
FNDA:49,(anonymous_7)
FNDA:0,(anonymous_8)
DA:29,0
DA:30,0
DA:31,0
DA:32,0
DA:34,0
DA:35,0
DA:37,0
DA:38,0
DA:39,0
DA:40,0
DA:48,6
DA:64,7
DA:67,7
DA:68,14
DA:72,7
DA:73,7
DA:74,7
DA:75,7
DA:76,7
DA:77,7
DA:83,7
DA:84,98
DA:85,98
DA:86,98
DA:87,98
DA:88,98
DA:89,98
DA:90,98
DA:93,7
DA:95,49
DA:96,49
DA:97,49
DA:98,49
DA:103,7
DA:104,7
DA:105,0
DA:107,0
DA:110,7
LF:38
LH:26
BRDA:29,0,0,0
BRDA:32,1,0,0
BRDA:38,2,0,0
BRDA:38,2,1,0
BRDA:39,3,0,0
BRDA:39,3,1,0
BRDA:49,4,0,0
BRDA:50,5,0,0
BRDA:57,6,0,0
BRDA:68,7,0,14
BRDA:68,7,1,0
BRDA:73,8,0,7
BRDA:75,9,0,7
BRDA:75,9,1,0
BRDA:76,10,0,0
BRDA:76,10,1,7
BRDA:84,11,0,0
BRDA:87,12,0,49
BRDA:87,12,1,49
BRDA:89,13,0,98
BRDA:89,13,1,0
BRDA:95,14,0,49
BRDA:95,14,1,0
BRDA:96,15,0,49
BRDA:96,15,1,0
BRDA:97,16,0,0
BRDA:97,17,0,49
BRDA:97,17,1,49
BRDA:104,18,0,0
BRDA:117,19,0,7
BRDA:117,19,1,0
BRF:31
BRH:12
end_of_record
TN:
SF:src\services\receptionist\tools.ts
FN:10,getTools
FNF:1
FNH:1
FNDA:7,getTools
DA:10,6
DA:11,7
LF:2
LH:2
BRF:0
BRH:0
end_of_record
TN:
SF:src\socket\handlers.ts
FN:22,createSocketHandlers
FN:28,handleConnection
FN:48,handleInit
FN:49,(anonymous_3)
FN:78,(anonymous_4)
FN:111,handleMessage
FN:112,(anonymous_6)
FN:193,handleSaveConfirmation
FN:194,(anonymous_8)
FN:229,handleDisconnect
FN:230,(anonymous_10)
FNF:11
FNH:0
FNDA:0,createSocketHandlers
FNDA:0,handleConnection
FNDA:0,handleInit
FNDA:0,(anonymous_3)
FNDA:0,(anonymous_4)
FNDA:0,handleMessage
FNDA:0,(anonymous_6)
FNDA:0,handleSaveConfirmation
FNDA:0,(anonymous_8)
FNDA:0,handleDisconnect
FNDA:0,(anonymous_10)
DA:7,0
DA:8,0
DA:9,0
DA:10,0
DA:22,0
DA:29,0
DA:32,0
DA:35,0
DA:38,0
DA:41,0
DA:49,0
DA:50,0
DA:51,0
DA:54,0
DA:55,0
DA:56,0
DA:58,0
DA:59,0
DA:60,0
DA:64,0
DA:67,0
DA:70,0
DA:73,0
DA:76,0
DA:77,0
DA:78,0
DA:90,0
DA:91,0
DA:92,0
DA:97,0
DA:99,0
DA:112,0
DA:113,0
DA:114,0
DA:115,0
DA:116,0
DA:119,0
DA:122,0
DA:123,0
DA:126,0
DA:128,0
DA:130,0
DA:132,0
DA:135,0
DA:136,0
DA:139,0
DA:142,0
DA:143,0
DA:144,0
DA:145,0
DA:146,0
DA:147,0
DA:148,0
DA:149,0
DA:153,0
DA:160,0
DA:163,0
DA:170,0
DA:171,0
DA:172,0
DA:173,0
DA:176,0
DA:177,0
DA:181,0
DA:194,0
DA:200,0
DA:201,0
DA:202,0
DA:203,0
DA:204,0
DA:208,0
DA:215,0
DA:216,0
DA:217,0
DA:220,0
DA:221,0
DA:230,0
DA:231,0
DA:232,0
DA:236,0
DA:246,0
DA:247,0
DA:248,0
DA:249,0
DA:250,0
DA:251,0
LF:86
LH:0
BRDA:23,0,0,0
BRDA:54,1,0,0
BRDA:56,2,0,0
BRDA:76,3,0,0
BRDA:82,4,0,0
BRDA:82,4,1,0
BRDA:90,5,0,0
BRDA:114,6,0,0
BRDA:142,7,0,0
BRDA:142,7,1,0
BRDA:142,8,0,0
BRDA:142,8,1,0
BRDA:145,9,0,0
BRDA:145,9,1,0
BRDA:145,10,0,0
BRDA:145,10,1,0
BRDA:148,11,0,0
BRDA:170,12,0,0
BRDA:170,12,1,0
BRDA:176,13,0,0
BRDA:176,13,1,0
BRDA:176,13,2,0
BRDA:177,14,0,0
BRDA:177,14,1,0
BRDA:201,15,0,0
BRDA:203,16,0,0
BRDA:220,17,0,0
BRF:27
BRH:0
end_of_record
TN:
SF:src\socket\sessionManager.ts
FN:24,initializeSession
FN:62,mapSocketToSession
FN:69,getSessionForSocket
FN:76,saveConversationHistory
FN:83,getConversationHistory
FN:90,cleanupSocket
FNF:6
FNH:0
FNDA:0,initializeSession
FNDA:0,mapSocketToSession
FNDA:0,getSessionForSocket
FNDA:0,saveConversationHistory
FNDA:0,getConversationHistory
FNDA:0,cleanupSocket
DA:6,0
DA:15,0
DA:18,0
DA:24,0
DA:30,0
DA:31,0
DA:34,0
DA:35,0
DA:36,0
DA:40,0
DA:41,0
DA:46,0
DA:49,0
DA:51,0
DA:62,0
DA:63,0
DA:69,0
DA:70,0
DA:76,0
DA:77,0
DA:83,0
DA:84,0
DA:90,0
DA:91,0
LF:24
LH:0
BRDA:34,0,0,0
BRDA:34,0,1,0
BRDA:40,1,0,0
BRDA:84,2,0,0
BRDA:84,2,1,0
BRF:5
BRH:0
end_of_record
TN:
SF:src\utils\fileParser.ts
FN:6,parseFile
FNF:1
FNH:0
FNDA:0,parseFile
DA:3,6
DA:6,6
DA:7,0
DA:8,0
DA:9,0
DA:10,0
DA:12,0
DA:13,0
DA:15,0
DA:16,0
DA:18,0
LF:11
LH:2
BRDA:7,0,0,0
BRDA:7,0,1,0
BRDA:15,1,0,0
BRDA:15,1,1,0
BRF:4
BRH:0
end_of_record
TN:
SF:src\utils\jwt.ts
FN:36,generateToken
FN:54,verifyToken
FN:70,decodeToken
FN:83,isTokenExpired
FN:94,getTokenExpiryTime
FNF:5
FNH:5
FNDA:7,generateToken
FNDA:8,verifyToken
FNDA:11,decodeToken
FNDA:3,isTokenExpired
FNDA:3,getTokenExpiryTime
DA:8,1
DA:11,1
DA:12,1
DA:36,1
DA:37,7
DA:54,1
DA:55,8
DA:56,8
DA:57,4
DA:60,4
DA:70,1
DA:71,11
DA:72,11
DA:74,0
DA:83,1
DA:84,3
DA:85,3
DA:86,1
DA:94,1
DA:95,3
DA:96,3
DA:97,1
DA:98,1
LF:23
LH:22
BRDA:11,0,0,1
BRDA:11,0,1,1
BRDA:85,1,0,2
BRDA:85,2,0,3
BRDA:85,2,1,1
BRDA:96,3,0,2
BRDA:96,4,0,3
BRDA:96,4,1,1
BRDA:98,5,0,1
BRDA:98,5,1,0
BRF:10
BRH:9
end_of_record
TN:
SF:src\utils\seedDatabase.ts
FN:4,seedDatabase
FN:16,seedPostgres
FN:117,seedSqlite
FNF:3
FNH:2
FNDA:6,seedDatabase
FNDA:0,seedPostgres
FNDA:6,seedSqlite
DA:1,6
DA:2,6
DA:4,6
DA:5,6
DA:7,6
DA:9,6
DA:10,0
DA:12,6
DA:18,0
DA:20,0
DA:21,0
DA:22,0
DA:25,0
DA:27,0
DA:29,0
DA:30,0
DA:32,0
DA:42,0
DA:45,0
DA:47,0
DA:52,0
DA:55,0
DA:60,0
DA:63,0
DA:66,0
DA:67,0
DA:68,0
DA:69,0
DA:83,0
DA:87,0
DA:95,0
DA:96,0
DA:97,0
DA:109,0
DA:111,0
DA:113,0
DA:118,6
DA:121,6
DA:122,6
DA:123,6
DA:125,6
DA:126,6
DA:127,6
DA:129,6
DA:130,0
DA:131,0
DA:134,6
DA:136,6
DA:138,6
DA:139,6
DA:141,6
DA:142,6
DA:147,6
DA:152,6
DA:155,0
DA:156,0
DA:157,0
DA:158,0
DA:162,6
DA:163,6
DA:164,6
DA:166,6
DA:171,6
DA:175,6
DA:177,6
DA:179,0
LF:66
LH:30
BRDA:9,0,0,0
BRDA:9,0,1,6
BRDA:20,1,0,0
BRDA:66,2,0,0
BRDA:66,3,0,0
BRDA:66,3,1,0
BRDA:76,4,0,0
BRDA:76,4,1,0
BRDA:96,5,0,0
BRDA:129,6,0,0
BRDA:129,7,0,6
BRDA:129,7,1,0
BRDA:141,8,0,6
BRDA:141,8,1,0
BRDA:156,9,0,0
BRDA:157,10,0,0
BRDA:162,11,0,6
BRF:17
BRH:4
end_of_record
TN:
SF:src\utils\validators.ts
FN:9,sanitizeString
FN:19,validateEmail
FN:37,validatePhone
FN:51,validateDate
FN:75,validateTime
FN:88,isValidDateFormat
FN:105,isValidEmail
FNF:7
FNH:7
FNDA:146,sanitizeString
FNDA:70,validateEmail
FNDA:55,validatePhone
FNDA:53,validateDate
FNDA:57,validateTime
FNDA:7,isValidDateFormat
FNDA:7,isValidEmail
DA:9,7
DA:10,146
DA:19,7
DA:20,70
DA:21,70
DA:23,70
DA:24,13
DA:27,57
DA:28,2
DA:31,55
DA:37,7
DA:39,55
DA:41,55
DA:42,6
DA:45,49
DA:51,7
DA:52,53
DA:54,53
DA:55,5
DA:59,48
DA:60,48
DA:62,48
DA:66,2
DA:69,46
DA:75,7
DA:76,57
DA:78,57
DA:79,10
DA:82,47
DA:88,7
DA:89,7
DA:90,7
DA:92,4
DA:93,4
DA:96,4
DA:105,7
DA:106,7
DA:107,7
LF:38
LH:38
BRDA:23,0,0,13
BRDA:27,1,0,2
BRDA:41,2,0,6
BRDA:41,3,0,55
BRDA:41,3,1,50
BRDA:54,4,0,5
BRDA:62,5,0,2
BRDA:62,6,0,48
BRDA:62,6,1,48
BRDA:62,6,2,47
BRDA:62,6,3,46
BRDA:78,7,0,10
BRDA:90,8,0,3
BRDA:96,9,0,4
BRDA:96,9,1,4
BRDA:96,9,2,3
BRDA:96,9,3,2
BRF:17
BRH:17
end_of_record
